<?xml version="1.0" encoding="utf-8"?>
<CoverageSession xmlns:xsd="http://www.w3.org/2001/XMLSchema" xmlns:xsi="http://www.w3.org/2001/XMLSchema-instance">
  <Modules>
    <Module skippedDueTo="Filter" hash="99-F4-69-E2-6C-33-A5-B3-3B-61-3B-3B-4B-BB-A3-8B-81-06-93-5A">
      <FullName>C:\windows\Microsoft.Net\assembly\GAC_32\mscorlib\v4.0_4.0.0.0__b77a5c561934e089\mscorlib.dll</FullName>
      <ModuleName>mscorlib</ModuleName>
      <Classes />
    </Module>
    <Module skippedDueTo="MissingPdb" hash="DA-11-AB-7A-54-40-91-0F-E3-CC-4F-E4-30-43-80-09-4A-8C-B6-BA">
      <FullName>C:\Stuff that took up space on the desktop\CDZ\4.3\bin\Tools\NUnit\nunit-console-x86.exe</FullName>
      <ModuleName>nunit-console</ModuleName>
      <Classes />
    </Module>
    <Module skippedDueTo="MissingPdb" hash="23-35-8C-86-05-D5-AE-FE-3C-1F-09-A0-86-02-40-7C-4F-CA-59-41">
      <FullName>C:\Stuff that took up space on the desktop\CDZ\4.3\bin\Tools\NUnit\lib\nunit.core.dll</FullName>
      <ModuleName>nunit.core</ModuleName>
      <Classes />
    </Module>
    <Module skippedDueTo="MissingPdb" hash="57-DD-20-42-DA-33-B3-EE-DA-8C-8E-25-C9-E5-07-B5-08-62-0F-88">
      <FullName>C:\Stuff that took up space on the desktop\CDZ\4.3\bin\Tools\NUnit\lib\nunit.util.dll</FullName>
      <ModuleName>nunit.util</ModuleName>
      <Classes />
    </Module>
    <Module skippedDueTo="MissingPdb" hash="79-F8-9A-22-4E-29-52-37-00-CF-81-FF-1F-EA-05-EC-74-2A-2E-C8">
      <FullName>C:\Stuff that took up space on the desktop\CDZ\4.3\bin\Tools\NUnit\lib\nunit-console-runner.dll</FullName>
      <ModuleName>nunit-console-runner</ModuleName>
      <Classes />
    </Module>
    <Module skippedDueTo="MissingPdb" hash="AD-76-2F-3C-5E-F6-77-0D-C6-AD-AF-A3-90-85-28-07-2D-A0-59-50">
      <FullName>C:\Stuff that took up space on the desktop\CDZ\4.3\bin\Tools\NUnit\lib\nunit.core.interfaces.dll</FullName>
      <ModuleName>nunit.core.interfaces</ModuleName>
      <Classes />
    </Module>
    <Module skippedDueTo="Filter" hash="8A-58-1D-44-FB-E4-97-BB-32-71-33-74-B1-AF-41-82-2F-29-68-4E">
      <FullName>C:\windows\Microsoft.Net\assembly\GAC_MSIL\System.Configuration\v4.0_4.0.0.0__b03f5f7f11d50a3a\System.Configuration.dll</FullName>
      <ModuleName>System.Configuration</ModuleName>
      <Classes />
    </Module>
    <Module skippedDueTo="Filter" hash="6D-F5-58-FB-5E-92-BB-AE-F1-36-11-9D-4E-A5-A6-BE-8C-9E-5A-D6">
      <FullName>C:\windows\Microsoft.Net\assembly\GAC_MSIL\System\v4.0_4.0.0.0__b77a5c561934e089\System.dll</FullName>
      <ModuleName>System</ModuleName>
      <Classes />
    </Module>
    <Module skippedDueTo="Filter" hash="52-40-07-8A-C6-43-1B-6C-1F-C4-86-6A-72-BC-64-FD-4A-63-A4-52">
      <FullName>C:\windows\Microsoft.Net\assembly\GAC_MSIL\System.Xml\v4.0_4.0.0.0__b77a5c561934e089\System.Xml.dll</FullName>
      <ModuleName>System.Xml</ModuleName>
      <Classes />
    </Module>
    <Module skippedDueTo="Filter" hash="E8-47-7A-41-67-F7-5A-91-1D-B2-1A-48-85-F5-81-AF-DE-91-B4-C2">
      <FullName>C:\windows\Microsoft.Net\assembly\GAC_MSIL\System.Runtime.Remoting\v4.0_4.0.0.0__b77a5c561934e089\System.Runtime.Remoting.dll</FullName>
      <ModuleName>System.Runtime.Remoting</ModuleName>
      <Classes />
    </Module>
    <Module skippedDueTo="MissingPdb" hash="23-35-8C-86-05-D5-AE-FE-3C-1F-09-A0-86-02-40-7C-4F-CA-59-41">
      <FullName>C:\Stuff that took up space on the desktop\CDZ\4.3\bin\Tools\NUnit\lib\nunit.core.dll</FullName>
      <ModuleName>nunit.core</ModuleName>
      <Classes />
    </Module>
    <Module skippedDueTo="Filter" hash="6D-F5-58-FB-5E-92-BB-AE-F1-36-11-9D-4E-A5-A6-BE-8C-9E-5A-D6">
      <FullName>C:\windows\Microsoft.Net\assembly\GAC_MSIL\System\v4.0_4.0.0.0__b77a5c561934e089\System.dll</FullName>
      <ModuleName>System</ModuleName>
      <Classes />
    </Module>
    <Module skippedDueTo="Filter" hash="52-40-07-8A-C6-43-1B-6C-1F-C4-86-6A-72-BC-64-FD-4A-63-A4-52">
      <FullName>C:\windows\Microsoft.Net\assembly\GAC_MSIL\System.Xml\v4.0_4.0.0.0__b77a5c561934e089\System.Xml.dll</FullName>
      <ModuleName>System.Xml</ModuleName>
      <Classes />
    </Module>
    <Module skippedDueTo="Filter" hash="8A-58-1D-44-FB-E4-97-BB-32-71-33-74-B1-AF-41-82-2F-29-68-4E">
      <FullName>C:\windows\Microsoft.Net\assembly\GAC_MSIL\System.Configuration\v4.0_4.0.0.0__b03f5f7f11d50a3a\System.Configuration.dll</FullName>
      <ModuleName>System.Configuration</ModuleName>
      <Classes />
    </Module>
    <Module skippedDueTo="MissingPdb" hash="AD-76-2F-3C-5E-F6-77-0D-C6-AD-AF-A3-90-85-28-07-2D-A0-59-50">
      <FullName>C:\Stuff that took up space on the desktop\CDZ\4.3\bin\Tools\NUnit\lib\nunit.core.interfaces.dll</FullName>
      <ModuleName>nunit.core.interfaces</ModuleName>
      <Classes />
    </Module>
    <Module hash="3C-9E-ED-A1-9B-C2-AA-D1-92-50-01-32-34-43-93-39-D8-0C-C1-F9">
      <FullName>C:\Users\bch00232\AppData\Local\Temp\nunit20\ShadowCopyCache\6864_635114732566652095\Tests_1022212\assembly\dl3\0c61ecc5\55484e73_5c93ce01\Madness_In_Space.EXE</FullName>
      <ModuleName>Madness_In_Space</ModuleName>
      <Files>
        <File uid="1" fullPath="c:\Stuff that took up space on the desktop\CDZ\4.3\CODEZ\Madness_In_Space\Madness_In_Space\Factories\Room_Factory.cs" />
        <File uid="2" fullPath="c:\Stuff that took up space on the desktop\CDZ\4.3\CODEZ\Madness_In_Space\Madness_In_Space\Factories\Ship_System_Factory.cs" />
        <File uid="3" fullPath="c:\Stuff that took up space on the desktop\CDZ\4.3\CODEZ\Madness_In_Space\Madness_In_Space\Factories\Vessel_Factory.cs" />
        <File uid="4" fullPath="c:\Stuff that took up space on the desktop\CDZ\4.3\CODEZ\Madness_In_Space\Madness_In_Space\Main_Collections\Atmosphere.cs" />
        <File uid="5" fullPath="c:\Stuff that took up space on the desktop\CDZ\4.3\CODEZ\Madness_In_Space\Madness_In_Space\Main_Collections\Room.cs" />
        <File uid="6" fullPath="c:\Stuff that took up space on the desktop\CDZ\4.3\CODEZ\Madness_In_Space\Madness_In_Space\Main_Collections\Ship_System.cs" />
        <File uid="7" fullPath="c:\Stuff that took up space on the desktop\CDZ\4.3\CODEZ\Madness_In_Space\Madness_In_Space\Main_Collections\Vessel.cs" />
        <File uid="8" fullPath="c:\Stuff that took up space on the desktop\CDZ\4.3\CODEZ\Madness_In_Space\Madness_In_Space\Object_Properties_For_Collections\Atmosphere_Properties\Pressure_Property.cs" />
        <File uid="9" fullPath="c:\Stuff that took up space on the desktop\CDZ\4.3\CODEZ\Madness_In_Space\Madness_In_Space\Object_Properties_For_Collections\General_Properties\Armour_Property.cs" />
        <File uid="10" fullPath="c:\Stuff that took up space on the desktop\CDZ\4.3\CODEZ\Madness_In_Space\Madness_In_Space\Object_Properties_For_Collections\General_Properties\Bounding_Dimensions_Property.cs" />
        <File uid="11" fullPath="c:\Stuff that took up space on the desktop\CDZ\4.3\CODEZ\Madness_In_Space\Madness_In_Space\Object_Properties_For_Collections\General_Properties\Hit_Points_Property.cs" />
        <File uid="12" fullPath="c:\Stuff that took up space on the desktop\CDZ\4.3\CODEZ\Madness_In_Space\Madness_In_Space\Object_Properties_For_Collections\General_Properties\IDTicker.cs" />
        <File uid="13" fullPath="c:\Stuff that took up space on the desktop\CDZ\4.3\CODEZ\Madness_In_Space\Madness_In_Space\Object_Properties_For_Collections\General_Properties\Mass_Property.cs" />
        <File uid="14" fullPath="c:\Stuff that took up space on the desktop\CDZ\4.3\CODEZ\Madness_In_Space\Madness_In_Space\Object_Properties_For_Collections\General_Properties\Owner_Room_ID_Property.cs" />
        <File uid="15" fullPath="c:\Stuff that took up space on the desktop\CDZ\4.3\CODEZ\Madness_In_Space\Madness_In_Space\Object_Properties_For_Collections\General_Properties\Owner_Ship_ID_Property.cs" />
        <File uid="16" fullPath="c:\Stuff that took up space on the desktop\CDZ\4.3\CODEZ\Madness_In_Space\Madness_In_Space\Object_Properties_For_Collections\General_Properties\Owner_System_ID_Property.cs" />
        <File uid="17" fullPath="c:\Stuff that took up space on the desktop\CDZ\4.3\CODEZ\Madness_In_Space\Madness_In_Space\Object_Properties_For_Collections\General_Properties\Temperature_Property.cs" />
        <File uid="18" fullPath="c:\Stuff that took up space on the desktop\CDZ\4.3\CODEZ\Madness_In_Space\Madness_In_Space\Object_Properties_For_Collections\General_Properties\Type_ID_Property.cs" />
        <File uid="19" fullPath="c:\Stuff that took up space on the desktop\CDZ\4.3\CODEZ\Madness_In_Space\Madness_In_Space\Object_Properties_For_Collections\General_Properties\Unique_ID.cs" />
        <File uid="20" fullPath="c:\Stuff that took up space on the desktop\CDZ\4.3\CODEZ\Madness_In_Space\Madness_In_Space\Object_Properties_For_Collections\General_Properties\Universal_Co_Ordinates_Property.cs" />
        <File uid="21" fullPath="c:\Stuff that took up space on the desktop\CDZ\4.3\CODEZ\Madness_In_Space\Madness_In_Space\Object_Properties_For_Collections\Infrastructure_Properties\End_Room_Interface_Property.cs" />
        <File uid="22" fullPath="c:\Stuff that took up space on the desktop\CDZ\4.3\CODEZ\Madness_In_Space\Madness_In_Space\Object_Properties_For_Collections\Infrastructure_Properties\End_Ship_Coords_Property.cs" />
        <File uid="23" fullPath="c:\Stuff that took up space on the desktop\CDZ\4.3\CODEZ\Madness_In_Space\Madness_In_Space\Object_Properties_For_Collections\Infrastructure_Properties\Junction_Direction_Property.cs" />
        <File uid="24" fullPath="c:\Stuff that took up space on the desktop\CDZ\4.3\CODEZ\Madness_In_Space\Madness_In_Space\Object_Properties_For_Collections\Infrastructure_Properties\Junction_Length_Property.cs" />
        <File uid="25" fullPath="c:\Stuff that took up space on the desktop\CDZ\4.3\CODEZ\Madness_In_Space\Madness_In_Space\Object_Properties_For_Collections\Infrastructure_Properties\Junction_List_Property.cs" />
        <File uid="26" fullPath="c:\Stuff that took up space on the desktop\CDZ\4.3\CODEZ\Madness_In_Space\Madness_In_Space\Object_Properties_For_Collections\Infrastructure_Properties\Start_Room_Interface_Property.cs" />
        <File uid="27" fullPath="c:\Stuff that took up space on the desktop\CDZ\4.3\CODEZ\Madness_In_Space\Madness_In_Space\Object_Properties_For_Collections\Infrastructure_Properties\Start_Ship_Coords_Property.cs" />
        <File uid="28" fullPath="c:\Stuff that took up space on the desktop\CDZ\4.3\CODEZ\Madness_In_Space\Madness_In_Space\Object_Properties_For_Collections\Room_Properties\Atmosphere_Or_Not_Property.cs" />
        <File uid="29" fullPath="c:\Stuff that took up space on the desktop\CDZ\4.3\CODEZ\Madness_In_Space\Madness_In_Space\Object_Properties_For_Collections\Room_Properties\Atmospheric_Seal_Property.cs" />
        <File uid="30" fullPath="c:\Stuff that took up space on the desktop\CDZ\4.3\CODEZ\Madness_In_Space\Madness_In_Space\Object_Properties_For_Collections\Room_Properties\Breached_Or_Not_Property.cs" />
        <File uid="31" fullPath="c:\Stuff that took up space on the desktop\CDZ\4.3\CODEZ\Madness_In_Space\Madness_In_Space\Object_Properties_For_Collections\Room_Properties\Breach_Size_Property.cs" />
        <File uid="32" fullPath="c:\Stuff that took up space on the desktop\CDZ\4.3\CODEZ\Madness_In_Space\Madness_In_Space\Object_Properties_For_Collections\Room_Properties\Can_Mount_System_Property.cs" />
        <File uid="33" fullPath="c:\Stuff that took up space on the desktop\CDZ\4.3\CODEZ\Madness_In_Space\Madness_In_Space\Object_Properties_For_Collections\Room_Properties\Current_Power_Consumption_Property.cs" />
        <File uid="34" fullPath="c:\Stuff that took up space on the desktop\CDZ\4.3\CODEZ\Madness_In_Space\Madness_In_Space\Object_Properties_For_Collections\Room_Properties\Current_Stored_Power_Property.cs" />
        <File uid="35" fullPath="c:\Stuff that took up space on the desktop\CDZ\4.3\CODEZ\Madness_In_Space\Madness_In_Space\Object_Properties_For_Collections\Room_Properties\Pressure_Rating_Property.cs" />
        <File uid="36" fullPath="c:\Stuff that took up space on the desktop\CDZ\4.3\CODEZ\Madness_In_Space\Madness_In_Space\Object_Properties_For_Collections\Room_Properties\Ship_Local_Co_Ordinates_Property.cs" />
        <File uid="37" fullPath="c:\Stuff that took up space on the desktop\CDZ\4.3\CODEZ\Madness_In_Space\Madness_In_Space\Object_Properties_For_Collections\System_Properties\Activated_Or_Deactivated_Property.cs" />
        <File uid="38" fullPath="c:\Stuff that took up space on the desktop\CDZ\4.3\CODEZ\Madness_In_Space\Madness_In_Space\Object_Properties_For_Collections\System_Properties\Activation_Power_Consumption_Property.cs" />
        <File uid="39" fullPath="c:\Stuff that took up space on the desktop\CDZ\4.3\CODEZ\Madness_In_Space\Madness_In_Space\Object_Properties_For_Collections\System_Properties\Maintain_Activation_Power_Consumption_Property.cs" />
        <File uid="40" fullPath="c:\Stuff that took up space on the desktop\CDZ\4.3\CODEZ\Madness_In_Space\Madness_In_Space\Object_Properties_For_Collections\System_Properties\Maintain_On_Power_Consumption_Property.cs" />
        <File uid="41" fullPath="c:\Stuff that took up space on the desktop\CDZ\4.3\CODEZ\Madness_In_Space\Madness_In_Space\Object_Properties_For_Collections\System_Properties\On_Or_Off_Property.cs" />
        <File uid="42" fullPath="c:\Stuff that took up space on the desktop\CDZ\4.3\CODEZ\Madness_In_Space\Madness_In_Space\Object_Properties_For_Collections\System_Properties\Power_Capacity_Property.cs" />
        <File uid="43" fullPath="c:\Stuff that took up space on the desktop\CDZ\4.3\CODEZ\Madness_In_Space\Madness_In_Space\Object_Properties_For_Collections\System_Properties\Room_Local_Co_Ordinates_Property.cs" />
        <File uid="44" fullPath="c:\Stuff that took up space on the desktop\CDZ\4.3\CODEZ\Madness_In_Space\Madness_In_Space\Object_Properties_For_Collections\System_Properties\Turn_On_Power_Consumption_Property.cs" />
        <File uid="45" fullPath="c:\Stuff that took up space on the desktop\CDZ\4.3\CODEZ\Madness_In_Space\Madness_In_Space\Program.cs" />
        <File uid="46" fullPath="c:\Stuff that took up space on the desktop\CDZ\4.3\CODEZ\Madness_In_Space\Madness_In_Space\Tests\PropertiesTests.cs" />
        <File uid="47" fullPath="c:\Stuff that took up space on the desktop\CDZ\4.3\CODEZ\Madness_In_Space\Madness_In_Space\Tests\Room_Factory_Tests.cs" />
        <File uid="48" fullPath="c:\Stuff that took up space on the desktop\CDZ\4.3\CODEZ\Madness_In_Space\Madness_In_Space\Tests\Room_Tests.cs" />
        <File uid="49" fullPath="c:\Stuff that took up space on the desktop\CDZ\4.3\CODEZ\Madness_In_Space\Madness_In_Space\Tests\Ship_System_Tests.cs" />
        <File uid="50" fullPath="c:\Stuff that took up space on the desktop\CDZ\4.3\CODEZ\Madness_In_Space\Madness_In_Space\Tests\Vessel_Factory_Tests.cs" />
        <File uid="51" fullPath="c:\Stuff that took up space on the desktop\CDZ\4.3\CODEZ\Madness_In_Space\Madness_In_Space\Tests\Vessel_Tests.cs" />
      </Files>
      <Classes>
        <Class>
          <FullName>&lt;Module&gt;</FullName>
          <Methods />
        </Class>
        <Class>
          <FullName>Madness_In_Space.Factories.Room_Factory</FullName>
          <Methods>
            <Method visited="false" cyclomaticComplexity="1" sequenceCoverage="0" branchCoverage="0" isConstructor="true" isStatic="false" isGetter="false" isSetter="false">
              <MetadataToken>100663297</MetadataToken>
              <Name>System.Void Madness_In_Space.Factories.Room_Factory::.ctor(Madness_In_Space.Vessel_Factory)</Name>
              <FileRef uid="1" />
              <SequencePoints>
                <SequencePoint vc="0" uspid="1" ordinal="0" offset="0" sl="9" sc="3" el="9" ec="47" />
                <SequencePoint vc="0" uspid="2" ordinal="1" offset="7" sl="10" sc="3" el="10" ec="4" />
                <SequencePoint vc="0" uspid="3" ordinal="2" offset="8" sl="11" sc="4" el="11" ec="57" />
                <SequencePoint vc="0" uspid="4" ordinal="3" offset="40" sl="12" sc="3" el="12" ec="4" />
              </SequencePoints>
              <BranchPoints />
              <MethodPoint xsi:type="SequencePoint" vc="0" uspid="1" ordinal="0" offset="0" sl="9" sc="3" el="9" ec="47" />
            </Method>
          </Methods>
        </Class>
        <Class>
          <FullName>Madness_In_Space.Factories.Ship_System_Factory</FullName>
          <Methods>
            <Method visited="false" cyclomaticComplexity="1" sequenceCoverage="0" branchCoverage="0" isConstructor="true" isStatic="false" isGetter="false" isSetter="false">
              <MetadataToken>100663298</MetadataToken>
              <Name>System.Void Madness_In_Space.Factories.Ship_System_Factory::.ctor()</Name>
              <FileRef uid="2" />
              <SequencePoints>
                <SequencePoint vc="0" uspid="5" ordinal="0" offset="0" sl="11" sc="3" el="11" ec="31" />
                <SequencePoint vc="0" uspid="6" ordinal="1" offset="7" sl="12" sc="3" el="12" ec="4" />
                <SequencePoint vc="0" uspid="7" ordinal="2" offset="8" sl="13" sc="3" el="13" ec="4" />
              </SequencePoints>
              <BranchPoints />
              <MethodPoint xsi:type="SequencePoint" vc="0" uspid="5" ordinal="0" offset="0" sl="11" sc="3" el="11" ec="31" />
            </Method>
          </Methods>
        </Class>
        <Class>
          <FullName>Madness_In_Space.Vessel_Factory</FullName>
          <Methods>
            <Method visited="true" cyclomaticComplexity="1" sequenceCoverage="100" branchCoverage="100" isConstructor="true" isStatic="false" isGetter="false" isSetter="false">
              <MetadataToken>100663299</MetadataToken>
              <Name>System.Void Madness_In_Space.Vessel_Factory::.ctor(System.String)</Name>
              <FileRef uid="3" />
              <SequencePoints>
                <SequencePoint vc="8" uspid="8" ordinal="0" offset="0" sl="13" sc="2" el="13" ec="37" />
                <SequencePoint vc="8" uspid="9" ordinal="1" offset="7" sl="14" sc="2" el="14" ec="3" />
                <SequencePoint vc="8" uspid="10" ordinal="2" offset="8" sl="15" sc="3" el="15" ec="27" />
                <SequencePoint vc="8" uspid="11" ordinal="3" offset="15" sl="16" sc="3" el="16" ec="32" />
                <SequencePoint vc="8" uspid="12" ordinal="4" offset="26" sl="17" sc="2" el="17" ec="3" />
              </SequencePoints>
              <BranchPoints />
              <MethodPoint xsi:type="SequencePoint" vc="8" uspid="8" ordinal="0" offset="0" sl="13" sc="2" el="13" ec="37" />
            </Method>
            <Method visited="true" cyclomaticComplexity="1" sequenceCoverage="100" branchCoverage="100" isConstructor="false" isStatic="false" isGetter="false" isSetter="false">
              <MetadataToken>100663300</MetadataToken>
              <Name>Madness_In_Space.Vessel Madness_In_Space.Vessel_Factory::createNewVessel(System.String)</Name>
              <FileRef uid="3" />
              <SequencePoints>
                <SequencePoint vc="5" uspid="13" ordinal="0" offset="0" sl="20" sc="2" el="20" ec="3" />
                <SequencePoint vc="5" uspid="14" ordinal="1" offset="1" sl="21" sc="3" el="21" ec="32" />
                <SequencePoint vc="5" uspid="15" ordinal="2" offset="7" sl="23" sc="3" el="23" ec="50" />
                <SequencePoint vc="5" uspid="16" ordinal="3" offset="30" sl="24" sc="3" el="24" ec="77" />
                <SequencePoint vc="5" uspid="17" ordinal="4" offset="58" sl="25" sc="3" el="25" ec="81" />
                <SequencePoint vc="5" uspid="18" ordinal="5" offset="83" sl="26" sc="3" el="26" ec="111" />
                <SequencePoint vc="5" uspid="19" ordinal="6" offset="141" sl="27" sc="3" el="27" ec="57" />
                <SequencePoint vc="5" uspid="20" ordinal="7" offset="163" sl="29" sc="3" el="29" ec="17" />
                <SequencePoint vc="5" uspid="21" ordinal="8" offset="167" sl="30" sc="2" el="30" ec="3" />
              </SequencePoints>
              <BranchPoints />
              <MethodPoint xsi:type="SequencePoint" vc="5" uspid="13" ordinal="0" offset="0" sl="20" sc="2" el="20" ec="3" />
            </Method>
          </Methods>
        </Class>
        <Class>
          <FullName>Madness_In_Space.Main_Collections.Atmosphere</FullName>
          <Methods>
            <Method visited="false" cyclomaticComplexity="1" sequenceCoverage="0" branchCoverage="0" isConstructor="true" isStatic="false" isGetter="false" isSetter="false">
              <MetadataToken>100663301</MetadataToken>
              <Name>System.Void Madness_In_Space.Main_Collections.Atmosphere::.ctor()</Name>
              <FileRef uid="4" />
              <SequencePoints>
                <SequencePoint vc="0" uspid="22" ordinal="0" offset="0" sl="11" sc="3" el="11" ec="22" />
                <SequencePoint vc="0" uspid="23" ordinal="1" offset="7" sl="12" sc="3" el="12" ec="4" />
                <SequencePoint vc="0" uspid="24" ordinal="2" offset="8" sl="13" sc="3" el="13" ec="4" />
              </SequencePoints>
              <BranchPoints />
              <MethodPoint xsi:type="SequencePoint" vc="0" uspid="22" ordinal="0" offset="0" sl="11" sc="3" el="11" ec="22" />
            </Method>
          </Methods>
        </Class>
        <Class>
          <FullName>Madness_In_Space.Room</FullName>
          <Methods>
            <Method visited="true" cyclomaticComplexity="1" sequenceCoverage="100" branchCoverage="100" isConstructor="true" isStatic="false" isGetter="false" isSetter="false">
              <MetadataToken>100663302</MetadataToken>
              <Name>System.Void Madness_In_Space.Room::.ctor(Madness_In_Space.Bounding_Dimensions_Property,Madness_In_Space.Ship_Local_Co_Ordinates_Property,Madness_In_Space.Type_ID_Property)</Name>
              <FileRef uid="5" />
              <SequencePoints>
                <SequencePoint vc="1" uspid="25" ordinal="0" offset="0" sl="11" sc="3" el="11" ec="117" />
                <SequencePoint vc="1" uspid="26" ordinal="1" offset="7" sl="12" sc="3" el="12" ec="4" />
                <SequencePoint vc="1" uspid="27" ordinal="2" offset="8" sl="13" sc="4" el="13" ec="28" />
                <SequencePoint vc="1" uspid="28" ordinal="3" offset="19" sl="14" sc="4" el="14" ec="33" />
                <SequencePoint vc="1" uspid="29" ordinal="4" offset="37" sl="15" sc="4" el="15" ec="48" />
                <SequencePoint vc="1" uspid="30" ordinal="5" offset="55" sl="16" sc="4" el="16" ec="28" />
                <SequencePoint vc="1" uspid="31" ordinal="6" offset="73" sl="18" sc="3" el="18" ec="4" />
              </SequencePoints>
              <BranchPoints />
              <MethodPoint xsi:type="SequencePoint" vc="1" uspid="25" ordinal="0" offset="0" sl="11" sc="3" el="11" ec="117" />
            </Method>
          </Methods>
        </Class>
        <Class>
          <FullName>Madness_In_Space.Ship_System</FullName>
          <Methods>
            <Method visited="false" cyclomaticComplexity="1" sequenceCoverage="0" branchCoverage="0" isConstructor="true" isStatic="false" isGetter="false" isSetter="false">
              <MetadataToken>100663303</MetadataToken>
              <Name>System.Void Madness_In_Space.Ship_System::.ctor()</Name>
              <FileRef uid="6" />
              <SequencePoints>
                <SequencePoint vc="0" uspid="32" ordinal="0" offset="0" sl="11" sc="3" el="11" ec="23" />
                <SequencePoint vc="0" uspid="33" ordinal="1" offset="7" sl="12" sc="3" el="12" ec="4" />
                <SequencePoint vc="0" uspid="34" ordinal="2" offset="8" sl="13" sc="3" el="13" ec="4" />
              </SequencePoints>
              <BranchPoints />
              <MethodPoint xsi:type="SequencePoint" vc="0" uspid="32" ordinal="0" offset="0" sl="11" sc="3" el="11" ec="23" />
            </Method>
          </Methods>
        </Class>
        <Class>
          <FullName>Madness_In_Space.Vessel</FullName>
          <Methods>
            <Method visited="true" cyclomaticComplexity="1" sequenceCoverage="100" branchCoverage="100" isConstructor="true" isStatic="false" isGetter="false" isSetter="false">
              <MetadataToken>100663304</MetadataToken>
              <Name>System.Void Madness_In_Space.Vessel::.ctor()</Name>
              <FileRef uid="7" />
              <SequencePoints>
                <SequencePoint vc="5" uspid="35" ordinal="0" offset="0" sl="11" sc="3" el="11" ec="18" />
                <SequencePoint vc="5" uspid="36" ordinal="1" offset="7" sl="12" sc="3" el="12" ec="4" />
                <SequencePoint vc="5" uspid="37" ordinal="2" offset="8" sl="13" sc="4" el="13" ec="44" />
                <SequencePoint vc="5" uspid="38" ordinal="3" offset="19" sl="14" sc="3" el="14" ec="4" />
              </SequencePoints>
              <BranchPoints />
              <MethodPoint xsi:type="SequencePoint" vc="5" uspid="35" ordinal="0" offset="0" sl="11" sc="3" el="11" ec="18" />
            </Method>
          </Methods>
        </Class>
        <Class>
          <FullName>Madness_In_Space.Pressure_Property</FullName>
          <Methods>
            <Method visited="false" cyclomaticComplexity="1" sequenceCoverage="0" branchCoverage="0" isConstructor="true" isStatic="false" isGetter="false" isSetter="false">
              <MetadataToken>100663305</MetadataToken>
              <Name>System.Void Madness_In_Space.Pressure_Property::.ctor()</Name>
              <FileRef uid="8" />
              <SequencePoints>
                <SequencePoint vc="0" uspid="39" ordinal="0" offset="0" sl="7" sc="3" el="7" ec="30" />
                <SequencePoint vc="0" uspid="40" ordinal="1" offset="7" sl="8" sc="3" el="8" ec="4" />
                <SequencePoint vc="0" uspid="41" ordinal="2" offset="8" sl="9" sc="3" el="9" ec="4" />
              </SequencePoints>
              <BranchPoints />
              <MethodPoint xsi:type="SequencePoint" vc="0" uspid="39" ordinal="0" offset="0" sl="7" sc="3" el="7" ec="30" />
            </Method>
          </Methods>
        </Class>
        <Class>
          <FullName>Madness_In_Space.Armour_Property</FullName>
          <Methods>
            <Method visited="false" cyclomaticComplexity="1" sequenceCoverage="0" branchCoverage="0" isConstructor="true" isStatic="false" isGetter="false" isSetter="false">
              <MetadataToken>100663306</MetadataToken>
              <Name>System.Void Madness_In_Space.Armour_Property::.ctor()</Name>
              <FileRef uid="9" />
              <SequencePoints>
                <SequencePoint vc="0" uspid="42" ordinal="0" offset="0" sl="7" sc="3" el="7" ec="28" />
                <SequencePoint vc="0" uspid="43" ordinal="1" offset="7" sl="8" sc="3" el="8" ec="4" />
                <SequencePoint vc="0" uspid="44" ordinal="2" offset="8" sl="9" sc="3" el="9" ec="4" />
              </SequencePoints>
              <BranchPoints />
              <MethodPoint xsi:type="SequencePoint" vc="0" uspid="42" ordinal="0" offset="0" sl="7" sc="3" el="7" ec="28" />
            </Method>
          </Methods>
        </Class>
        <Class>
          <FullName>Madness_In_Space.Bounding_Dimensions_Property</FullName>
          <Methods>
            <Method visited="true" cyclomaticComplexity="1" sequenceCoverage="100" branchCoverage="100" isConstructor="true" isStatic="false" isGetter="false" isSetter="false">
              <MetadataToken>100663307</MetadataToken>
              <Name>System.Void Madness_In_Space.Bounding_Dimensions_Property::.ctor(System.Int32,System.Int32,System.Int32)</Name>
              <FileRef uid="10" />
              <SequencePoints>
                <SequencePoint vc="7" uspid="45" ordinal="0" offset="0" sl="11" sc="3" el="11" ec="63" />
                <SequencePoint vc="7" uspid="46" ordinal="1" offset="7" sl="12" sc="3" el="12" ec="4" />
                <SequencePoint vc="7" uspid="47" ordinal="2" offset="8" sl="13" sc="4" el="13" ec="16" />
                <SequencePoint vc="7" uspid="48" ordinal="3" offset="15" sl="14" sc="4" el="14" ec="16" />
                <SequencePoint vc="7" uspid="49" ordinal="4" offset="22" sl="15" sc="4" el="15" ec="16" />
                <SequencePoint vc="7" uspid="50" ordinal="5" offset="29" sl="16" sc="3" el="16" ec="4" />
              </SequencePoints>
              <BranchPoints />
              <MethodPoint xsi:type="SequencePoint" vc="7" uspid="45" ordinal="0" offset="0" sl="11" sc="3" el="11" ec="63" />
            </Method>
          </Methods>
        </Class>
        <Class>
          <FullName>Madness_In_Space.Hit_Points_Property</FullName>
          <Methods>
            <Method visited="false" cyclomaticComplexity="1" sequenceCoverage="0" branchCoverage="0" isConstructor="true" isStatic="false" isGetter="false" isSetter="false">
              <MetadataToken>100663308</MetadataToken>
              <Name>System.Void Madness_In_Space.Hit_Points_Property::.ctor()</Name>
              <FileRef uid="11" />
              <SequencePoints>
                <SequencePoint vc="0" uspid="51" ordinal="0" offset="0" sl="7" sc="3" el="7" ec="32" />
                <SequencePoint vc="0" uspid="52" ordinal="1" offset="7" sl="8" sc="3" el="8" ec="4" />
                <SequencePoint vc="0" uspid="53" ordinal="2" offset="8" sl="9" sc="3" el="9" ec="4" />
              </SequencePoints>
              <BranchPoints />
              <MethodPoint xsi:type="SequencePoint" vc="0" uspid="51" ordinal="0" offset="0" sl="7" sc="3" el="7" ec="32" />
            </Method>
          </Methods>
        </Class>
        <Class>
          <FullName>Madness_In_Space.IDTicker</FullName>
          <Methods>
            <Method visited="true" cyclomaticComplexity="1" sequenceCoverage="100" branchCoverage="100" isConstructor="true" isStatic="false" isGetter="false" isSetter="false">
              <MetadataToken>100663309</MetadataToken>
              <Name>System.Void Madness_In_Space.IDTicker::.ctor()</Name>
              <FileRef uid="12" />
              <SequencePoints>
                <SequencePoint vc="8" uspid="54" ordinal="0" offset="0" sl="8" sc="3" el="8" ec="20" />
                <SequencePoint vc="8" uspid="55" ordinal="1" offset="7" sl="9" sc="3" el="9" ec="4" />
                <SequencePoint vc="8" uspid="56" ordinal="2" offset="8" sl="10" sc="4" el="10" ec="20" />
                <SequencePoint vc="8" uspid="57" ordinal="3" offset="15" sl="11" sc="3" el="11" ec="4" />
              </SequencePoints>
              <BranchPoints />
              <MethodPoint xsi:type="SequencePoint" vc="8" uspid="54" ordinal="0" offset="0" sl="8" sc="3" el="8" ec="20" />
            </Method>
            <Method visited="true" cyclomaticComplexity="1" sequenceCoverage="100" branchCoverage="100" isConstructor="false" isStatic="false" isGetter="false" isSetter="false">
              <MetadataToken>100663310</MetadataToken>
              <Name>System.Int32 Madness_In_Space.IDTicker::issueNewID()</Name>
              <FileRef uid="12" />
              <SequencePoints>
                <SequencePoint vc="2" uspid="58" ordinal="0" offset="0" sl="14" sc="3" el="14" ec="4" />
                <SequencePoint vc="2" uspid="59" ordinal="1" offset="1" sl="15" sc="4" el="15" ec="13" />
                <SequencePoint vc="2" uspid="60" ordinal="2" offset="15" sl="16" sc="4" el="16" ec="18" />
                <SequencePoint vc="2" uspid="61" ordinal="3" offset="24" sl="18" sc="3" el="18" ec="4" />
              </SequencePoints>
              <BranchPoints />
              <MethodPoint xsi:type="SequencePoint" vc="2" uspid="58" ordinal="0" offset="0" sl="14" sc="3" el="14" ec="4" />
            </Method>
          </Methods>
        </Class>
        <Class>
          <FullName>Madness_In_Space.Mass_Property</FullName>
          <Methods>
            <Method visited="false" cyclomaticComplexity="1" sequenceCoverage="0" branchCoverage="0" isConstructor="true" isStatic="false" isGetter="false" isSetter="false">
              <MetadataToken>100663311</MetadataToken>
              <Name>System.Void Madness_In_Space.Mass_Property::.ctor()</Name>
              <FileRef uid="13" />
              <SequencePoints>
                <SequencePoint vc="0" uspid="62" ordinal="0" offset="0" sl="7" sc="3" el="7" ec="26" />
                <SequencePoint vc="0" uspid="63" ordinal="1" offset="7" sl="8" sc="3" el="8" ec="4" />
                <SequencePoint vc="0" uspid="64" ordinal="2" offset="8" sl="9" sc="3" el="9" ec="4" />
              </SequencePoints>
              <BranchPoints />
              <MethodPoint xsi:type="SequencePoint" vc="0" uspid="62" ordinal="0" offset="0" sl="7" sc="3" el="7" ec="26" />
            </Method>
          </Methods>
        </Class>
        <Class>
          <FullName>Madness_In_Space.Owner_Room_ID_Property</FullName>
          <Methods>
            <Method visited="false" cyclomaticComplexity="1" sequenceCoverage="0" branchCoverage="0" isConstructor="true" isStatic="false" isGetter="false" isSetter="false">
              <MetadataToken>100663312</MetadataToken>
              <Name>System.Void Madness_In_Space.Owner_Room_ID_Property::.ctor()</Name>
              <FileRef uid="14" />
              <SequencePoints>
                <SequencePoint vc="0" uspid="65" ordinal="0" offset="0" sl="7" sc="3" el="7" ec="35" />
                <SequencePoint vc="0" uspid="66" ordinal="1" offset="7" sl="8" sc="3" el="8" ec="4" />
                <SequencePoint vc="0" uspid="67" ordinal="2" offset="8" sl="9" sc="3" el="9" ec="4" />
              </SequencePoints>
              <BranchPoints />
              <MethodPoint xsi:type="SequencePoint" vc="0" uspid="65" ordinal="0" offset="0" sl="7" sc="3" el="7" ec="35" />
            </Method>
          </Methods>
        </Class>
        <Class>
          <FullName>Madness_In_Space.Owner_Ship_ID_Property</FullName>
          <Methods>
            <Method visited="false" cyclomaticComplexity="1" sequenceCoverage="0" branchCoverage="0" isConstructor="true" isStatic="false" isGetter="false" isSetter="false">
              <MetadataToken>100663313</MetadataToken>
              <Name>System.Void Madness_In_Space.Owner_Ship_ID_Property::.ctor()</Name>
              <FileRef uid="15" />
              <SequencePoints>
                <SequencePoint vc="0" uspid="68" ordinal="0" offset="0" sl="7" sc="3" el="7" ec="35" />
                <SequencePoint vc="0" uspid="69" ordinal="1" offset="7" sl="8" sc="3" el="8" ec="4" />
                <SequencePoint vc="0" uspid="70" ordinal="2" offset="8" sl="9" sc="3" el="9" ec="4" />
              </SequencePoints>
              <BranchPoints />
              <MethodPoint xsi:type="SequencePoint" vc="0" uspid="68" ordinal="0" offset="0" sl="7" sc="3" el="7" ec="35" />
            </Method>
          </Methods>
        </Class>
        <Class>
          <FullName>Madness_In_Space.Owner_System_ID_Property</FullName>
          <Methods>
            <Method visited="false" cyclomaticComplexity="1" sequenceCoverage="0" branchCoverage="0" isConstructor="true" isStatic="false" isGetter="false" isSetter="false">
              <MetadataToken>100663314</MetadataToken>
              <Name>System.Void Madness_In_Space.Owner_System_ID_Property::.ctor()</Name>
              <FileRef uid="16" />
              <SequencePoints>
                <SequencePoint vc="0" uspid="71" ordinal="0" offset="0" sl="7" sc="3" el="7" ec="37" />
                <SequencePoint vc="0" uspid="72" ordinal="1" offset="7" sl="8" sc="3" el="8" ec="4" />
                <SequencePoint vc="0" uspid="73" ordinal="2" offset="8" sl="9" sc="3" el="9" ec="4" />
              </SequencePoints>
              <BranchPoints />
              <MethodPoint xsi:type="SequencePoint" vc="0" uspid="71" ordinal="0" offset="0" sl="7" sc="3" el="7" ec="37" />
            </Method>
          </Methods>
        </Class>
        <Class>
          <FullName>Madness_In_Space.Temperature_Property</FullName>
          <Methods>
            <Method visited="false" cyclomaticComplexity="1" sequenceCoverage="0" branchCoverage="0" isConstructor="true" isStatic="false" isGetter="false" isSetter="false">
              <MetadataToken>100663315</MetadataToken>
              <Name>System.Void Madness_In_Space.Temperature_Property::.ctor()</Name>
              <FileRef uid="17" />
              <SequencePoints>
                <SequencePoint vc="0" uspid="74" ordinal="0" offset="0" sl="7" sc="3" el="7" ec="33" />
                <SequencePoint vc="0" uspid="75" ordinal="1" offset="7" sl="8" sc="3" el="8" ec="4" />
                <SequencePoint vc="0" uspid="76" ordinal="2" offset="8" sl="9" sc="3" el="9" ec="4" />
              </SequencePoints>
              <BranchPoints />
              <MethodPoint xsi:type="SequencePoint" vc="0" uspid="74" ordinal="0" offset="0" sl="7" sc="3" el="7" ec="33" />
            </Method>
          </Methods>
        </Class>
        <Class>
          <FullName>Madness_In_Space.Type_ID_Property</FullName>
          <Methods>
            <Method visited="true" cyclomaticComplexity="1" sequenceCoverage="100" branchCoverage="100" isConstructor="true" isStatic="false" isGetter="false" isSetter="false">
              <MetadataToken>100663316</MetadataToken>
              <Name>System.Void Madness_In_Space.Type_ID_Property::.ctor(System.String,System.String)</Name>
              <FileRef uid="18" />
              <SequencePoints>
                <SequencePoint vc="7" uspid="77" ordinal="0" offset="0" sl="10" sc="3" el="10" ec="57" />
                <SequencePoint vc="7" uspid="78" ordinal="1" offset="7" sl="11" sc="3" el="11" ec="4" />
                <SequencePoint vc="7" uspid="79" ordinal="2" offset="8" sl="12" sc="4" el="12" ec="70" />
                <SequencePoint vc="7" uspid="80" ordinal="3" offset="21" sl="13" sc="3" el="13" ec="4" />
              </SequencePoints>
              <BranchPoints />
              <MethodPoint xsi:type="SequencePoint" vc="7" uspid="77" ordinal="0" offset="0" sl="10" sc="3" el="10" ec="57" />
            </Method>
          </Methods>
        </Class>
        <Class>
          <FullName>Madness_In_Space.Unique_ID</FullName>
          <Methods>
            <Method visited="true" cyclomaticComplexity="1" sequenceCoverage="100" branchCoverage="100" isConstructor="true" isStatic="false" isGetter="false" isSetter="false">
              <MetadataToken>100663317</MetadataToken>
              <Name>System.Void Madness_In_Space.Unique_ID::.ctor(Madness_In_Space.Vessel_Factory)</Name>
              <FileRef uid="19" />
              <SequencePoints>
                <SequencePoint vc="2" uspid="81" ordinal="0" offset="0" sl="13" sc="3" el="13" ec="44" />
                <SequencePoint vc="2" uspid="82" ordinal="1" offset="7" sl="14" sc="3" el="14" ec="4" />
                <SequencePoint vc="2" uspid="83" ordinal="2" offset="8" sl="15" sc="5" el="15" ec="39" />
                <SequencePoint vc="2" uspid="84" ordinal="3" offset="20" sl="16" sc="5" el="16" ec="44" />
                <SequencePoint vc="2" uspid="85" ordinal="4" offset="37" sl="17" sc="3" el="17" ec="4" />
              </SequencePoints>
              <BranchPoints />
              <MethodPoint xsi:type="SequencePoint" vc="2" uspid="81" ordinal="0" offset="0" sl="13" sc="3" el="13" ec="44" />
            </Method>
          </Methods>
        </Class>
        <Class>
          <FullName>Madness_In_Space.Universal_Co_Ordinates_Property</FullName>
          <Methods>
            <Method visited="true" cyclomaticComplexity="1" sequenceCoverage="100" branchCoverage="100" isConstructor="true" isStatic="false" isGetter="false" isSetter="false">
              <MetadataToken>100663318</MetadataToken>
              <Name>System.Void Madness_In_Space.Universal_Co_Ordinates_Property::.ctor(System.String,System.Single,System.Single,System.Single,System.Single,System.Single,System.Single)</Name>
              <FileRef uid="20" />
              <SequencePoints>
                <SequencePoint vc="6" uspid="86" ordinal="0" offset="0" sl="15" sc="3" el="15" ec="116" />
                <SequencePoint vc="6" uspid="87" ordinal="1" offset="7" sl="16" sc="3" el="16" ec="4" />
                <SequencePoint vc="6" uspid="88" ordinal="2" offset="8" sl="17" sc="4" el="17" ec="29" />
                <SequencePoint vc="6" uspid="89" ordinal="3" offset="15" sl="19" sc="4" el="19" ec="16" />
                <SequencePoint vc="6" uspid="90" ordinal="4" offset="22" sl="20" sc="4" el="20" ec="16" />
                <SequencePoint vc="6" uspid="91" ordinal="5" offset="29" sl="21" sc="4" el="21" ec="16" />
                <SequencePoint vc="6" uspid="92" ordinal="6" offset="37" sl="23" sc="4" el="23" ec="19" />
                <SequencePoint vc="6" uspid="93" ordinal="7" offset="45" sl="24" sc="4" el="24" ec="19" />
                <SequencePoint vc="6" uspid="94" ordinal="8" offset="53" sl="25" sc="4" el="25" ec="19" />
                <SequencePoint vc="6" uspid="95" ordinal="9" offset="61" sl="26" sc="3" el="26" ec="4" />
              </SequencePoints>
              <BranchPoints />
              <MethodPoint xsi:type="SequencePoint" vc="6" uspid="86" ordinal="0" offset="0" sl="15" sc="3" el="15" ec="116" />
            </Method>
          </Methods>
        </Class>
        <Class>
          <FullName>Madness_In_Space.End_Room_Interface_Property</FullName>
          <Methods>
            <Method visited="false" cyclomaticComplexity="1" sequenceCoverage="0" branchCoverage="0" isConstructor="true" isStatic="false" isGetter="false" isSetter="false">
              <MetadataToken>100663319</MetadataToken>
              <Name>System.Void Madness_In_Space.End_Room_Interface_Property::.ctor()</Name>
              <FileRef uid="21" />
              <SequencePoints>
                <SequencePoint vc="0" uspid="96" ordinal="0" offset="0" sl="7" sc="3" el="7" ec="40" />
                <SequencePoint vc="0" uspid="97" ordinal="1" offset="7" sl="8" sc="3" el="8" ec="4" />
                <SequencePoint vc="0" uspid="98" ordinal="2" offset="8" sl="9" sc="3" el="9" ec="4" />
              </SequencePoints>
              <BranchPoints />
              <MethodPoint xsi:type="SequencePoint" vc="0" uspid="96" ordinal="0" offset="0" sl="7" sc="3" el="7" ec="40" />
            </Method>
          </Methods>
        </Class>
        <Class>
          <FullName>Madness_In_Space.End_Ship_Coords_Property</FullName>
          <Methods>
            <Method visited="false" cyclomaticComplexity="1" sequenceCoverage="0" branchCoverage="0" isConstructor="true" isStatic="false" isGetter="false" isSetter="false">
              <MetadataToken>100663320</MetadataToken>
              <Name>System.Void Madness_In_Space.End_Ship_Coords_Property::.ctor()</Name>
              <FileRef uid="22" />
              <SequencePoints>
                <SequencePoint vc="0" uspid="99" ordinal="0" offset="0" sl="7" sc="3" el="7" ec="37" />
                <SequencePoint vc="0" uspid="100" ordinal="1" offset="7" sl="8" sc="3" el="8" ec="4" />
                <SequencePoint vc="0" uspid="101" ordinal="2" offset="8" sl="9" sc="3" el="9" ec="4" />
              </SequencePoints>
              <BranchPoints />
              <MethodPoint xsi:type="SequencePoint" vc="0" uspid="99" ordinal="0" offset="0" sl="7" sc="3" el="7" ec="37" />
            </Method>
          </Methods>
        </Class>
        <Class>
          <FullName>Madness_In_Space.Junction_Direction_Property</FullName>
          <Methods>
            <Method visited="false" cyclomaticComplexity="1" sequenceCoverage="0" branchCoverage="0" isConstructor="true" isStatic="false" isGetter="false" isSetter="false">
              <MetadataToken>100663321</MetadataToken>
              <Name>System.Void Madness_In_Space.Junction_Direction_Property::.ctor()</Name>
              <FileRef uid="23" />
              <SequencePoints>
                <SequencePoint vc="0" uspid="102" ordinal="0" offset="0" sl="7" sc="3" el="7" ec="40" />
                <SequencePoint vc="0" uspid="103" ordinal="1" offset="7" sl="8" sc="3" el="8" ec="4" />
                <SequencePoint vc="0" uspid="104" ordinal="2" offset="8" sl="9" sc="3" el="9" ec="4" />
              </SequencePoints>
              <BranchPoints />
              <MethodPoint xsi:type="SequencePoint" vc="0" uspid="102" ordinal="0" offset="0" sl="7" sc="3" el="7" ec="40" />
            </Method>
          </Methods>
        </Class>
        <Class>
          <FullName>Madness_In_Space.Junction_Length_Property</FullName>
          <Methods>
            <Method visited="false" cyclomaticComplexity="1" sequenceCoverage="0" branchCoverage="0" isConstructor="true" isStatic="false" isGetter="false" isSetter="false">
              <MetadataToken>100663322</MetadataToken>
              <Name>System.Void Madness_In_Space.Junction_Length_Property::.ctor()</Name>
              <FileRef uid="24" />
              <SequencePoints>
                <SequencePoint vc="0" uspid="105" ordinal="0" offset="0" sl="7" sc="3" el="7" ec="37" />
                <SequencePoint vc="0" uspid="106" ordinal="1" offset="7" sl="8" sc="3" el="8" ec="4" />
                <SequencePoint vc="0" uspid="107" ordinal="2" offset="8" sl="9" sc="3" el="9" ec="4" />
              </SequencePoints>
              <BranchPoints />
              <MethodPoint xsi:type="SequencePoint" vc="0" uspid="105" ordinal="0" offset="0" sl="7" sc="3" el="7" ec="37" />
            </Method>
          </Methods>
        </Class>
        <Class>
          <FullName>Madness_In_Space.Junction_List_Property</FullName>
          <Methods>
            <Method visited="false" cyclomaticComplexity="1" sequenceCoverage="0" branchCoverage="0" isConstructor="true" isStatic="false" isGetter="false" isSetter="false">
              <MetadataToken>100663323</MetadataToken>
              <Name>System.Void Madness_In_Space.Junction_List_Property::.ctor()</Name>
              <FileRef uid="25" />
              <SequencePoints>
                <SequencePoint vc="0" uspid="108" ordinal="0" offset="0" sl="7" sc="3" el="7" ec="35" />
                <SequencePoint vc="0" uspid="109" ordinal="1" offset="7" sl="8" sc="3" el="8" ec="4" />
                <SequencePoint vc="0" uspid="110" ordinal="2" offset="8" sl="9" sc="3" el="9" ec="4" />
              </SequencePoints>
              <BranchPoints />
              <MethodPoint xsi:type="SequencePoint" vc="0" uspid="108" ordinal="0" offset="0" sl="7" sc="3" el="7" ec="35" />
            </Method>
          </Methods>
        </Class>
        <Class>
          <FullName>Madness_In_Space.Start_Room_Interface_Property</FullName>
          <Methods>
            <Method visited="false" cyclomaticComplexity="1" sequenceCoverage="0" branchCoverage="0" isConstructor="true" isStatic="false" isGetter="false" isSetter="false">
              <MetadataToken>100663324</MetadataToken>
              <Name>System.Void Madness_In_Space.Start_Room_Interface_Property::.ctor()</Name>
              <FileRef uid="26" />
              <SequencePoints>
                <SequencePoint vc="0" uspid="111" ordinal="0" offset="0" sl="7" sc="3" el="7" ec="42" />
                <SequencePoint vc="0" uspid="112" ordinal="1" offset="7" sl="8" sc="3" el="8" ec="4" />
                <SequencePoint vc="0" uspid="113" ordinal="2" offset="8" sl="9" sc="3" el="9" ec="4" />
              </SequencePoints>
              <BranchPoints />
              <MethodPoint xsi:type="SequencePoint" vc="0" uspid="111" ordinal="0" offset="0" sl="7" sc="3" el="7" ec="42" />
            </Method>
          </Methods>
        </Class>
        <Class>
          <FullName>Madness_In_Space.Start_Ship_Coords_Property</FullName>
          <Methods>
            <Method visited="false" cyclomaticComplexity="1" sequenceCoverage="0" branchCoverage="0" isConstructor="true" isStatic="false" isGetter="false" isSetter="false">
              <MetadataToken>100663325</MetadataToken>
              <Name>System.Void Madness_In_Space.Start_Ship_Coords_Property::.ctor()</Name>
              <FileRef uid="27" />
              <SequencePoints>
                <SequencePoint vc="0" uspid="114" ordinal="0" offset="0" sl="7" sc="3" el="7" ec="39" />
                <SequencePoint vc="0" uspid="115" ordinal="1" offset="7" sl="8" sc="3" el="8" ec="4" />
                <SequencePoint vc="0" uspid="116" ordinal="2" offset="8" sl="9" sc="3" el="9" ec="4" />
              </SequencePoints>
              <BranchPoints />
              <MethodPoint xsi:type="SequencePoint" vc="0" uspid="114" ordinal="0" offset="0" sl="7" sc="3" el="7" ec="39" />
            </Method>
          </Methods>
        </Class>
        <Class>
          <FullName>Madness_In_Space.Atmosphere_Or_Not_Property</FullName>
          <Methods>
            <Method visited="false" cyclomaticComplexity="1" sequenceCoverage="0" branchCoverage="0" isConstructor="true" isStatic="false" isGetter="false" isSetter="false">
              <MetadataToken>100663326</MetadataToken>
              <Name>System.Void Madness_In_Space.Atmosphere_Or_Not_Property::.ctor()</Name>
              <FileRef uid="28" />
              <SequencePoints>
                <SequencePoint vc="0" uspid="117" ordinal="0" offset="0" sl="7" sc="3" el="7" ec="39" />
                <SequencePoint vc="0" uspid="118" ordinal="1" offset="7" sl="8" sc="3" el="8" ec="4" />
                <SequencePoint vc="0" uspid="119" ordinal="2" offset="8" sl="9" sc="3" el="9" ec="4" />
              </SequencePoints>
              <BranchPoints />
              <MethodPoint xsi:type="SequencePoint" vc="0" uspid="117" ordinal="0" offset="0" sl="7" sc="3" el="7" ec="39" />
            </Method>
          </Methods>
        </Class>
        <Class>
          <FullName>Madness_In_Space.Atmospheric_Seal_Property</FullName>
          <Methods>
            <Method visited="false" cyclomaticComplexity="1" sequenceCoverage="0" branchCoverage="0" isConstructor="true" isStatic="false" isGetter="false" isSetter="false">
              <MetadataToken>100663327</MetadataToken>
              <Name>System.Void Madness_In_Space.Atmospheric_Seal_Property::.ctor()</Name>
              <FileRef uid="29" />
              <SequencePoints>
                <SequencePoint vc="0" uspid="120" ordinal="0" offset="0" sl="7" sc="3" el="7" ec="38" />
                <SequencePoint vc="0" uspid="121" ordinal="1" offset="7" sl="8" sc="3" el="8" ec="4" />
                <SequencePoint vc="0" uspid="122" ordinal="2" offset="8" sl="9" sc="3" el="9" ec="4" />
              </SequencePoints>
              <BranchPoints />
              <MethodPoint xsi:type="SequencePoint" vc="0" uspid="120" ordinal="0" offset="0" sl="7" sc="3" el="7" ec="38" />
            </Method>
          </Methods>
        </Class>
        <Class>
          <FullName>Madness_In_Space.Breached_Or_Not_Property</FullName>
          <Methods>
            <Method visited="false" cyclomaticComplexity="1" sequenceCoverage="0" branchCoverage="0" isConstructor="true" isStatic="false" isGetter="false" isSetter="false">
              <MetadataToken>100663328</MetadataToken>
              <Name>System.Void Madness_In_Space.Breached_Or_Not_Property::.ctor()</Name>
              <FileRef uid="30" />
              <SequencePoints>
                <SequencePoint vc="0" uspid="123" ordinal="0" offset="0" sl="7" sc="3" el="7" ec="37" />
                <SequencePoint vc="0" uspid="124" ordinal="1" offset="7" sl="8" sc="3" el="8" ec="4" />
                <SequencePoint vc="0" uspid="125" ordinal="2" offset="8" sl="9" sc="3" el="9" ec="4" />
              </SequencePoints>
              <BranchPoints />
              <MethodPoint xsi:type="SequencePoint" vc="0" uspid="123" ordinal="0" offset="0" sl="7" sc="3" el="7" ec="37" />
            </Method>
          </Methods>
        </Class>
        <Class>
          <FullName>Madness_In_Space.Breach_Size_Property</FullName>
          <Methods>
            <Method visited="false" cyclomaticComplexity="1" sequenceCoverage="0" branchCoverage="0" isConstructor="true" isStatic="false" isGetter="false" isSetter="false">
              <MetadataToken>100663329</MetadataToken>
              <Name>System.Void Madness_In_Space.Breach_Size_Property::.ctor()</Name>
              <FileRef uid="31" />
              <SequencePoints>
                <SequencePoint vc="0" uspid="126" ordinal="0" offset="0" sl="7" sc="3" el="7" ec="33" />
                <SequencePoint vc="0" uspid="127" ordinal="1" offset="7" sl="8" sc="3" el="8" ec="4" />
                <SequencePoint vc="0" uspid="128" ordinal="2" offset="8" sl="9" sc="3" el="9" ec="4" />
              </SequencePoints>
              <BranchPoints />
              <MethodPoint xsi:type="SequencePoint" vc="0" uspid="126" ordinal="0" offset="0" sl="7" sc="3" el="7" ec="33" />
            </Method>
          </Methods>
        </Class>
        <Class>
          <FullName>Madness_In_Space.Can_Mount_System_Property</FullName>
          <Methods>
            <Method visited="false" cyclomaticComplexity="1" sequenceCoverage="0" branchCoverage="0" isConstructor="true" isStatic="false" isGetter="false" isSetter="false">
              <MetadataToken>100663330</MetadataToken>
              <Name>System.Void Madness_In_Space.Can_Mount_System_Property::.ctor()</Name>
              <FileRef uid="32" />
              <SequencePoints>
                <SequencePoint vc="0" uspid="129" ordinal="0" offset="0" sl="7" sc="3" el="7" ec="38" />
                <SequencePoint vc="0" uspid="130" ordinal="1" offset="7" sl="8" sc="3" el="8" ec="4" />
                <SequencePoint vc="0" uspid="131" ordinal="2" offset="8" sl="9" sc="3" el="9" ec="4" />
              </SequencePoints>
              <BranchPoints />
              <MethodPoint xsi:type="SequencePoint" vc="0" uspid="129" ordinal="0" offset="0" sl="7" sc="3" el="7" ec="38" />
            </Method>
          </Methods>
        </Class>
        <Class>
          <FullName>Madness_In_Space.Current_Power_Consumption_Property</FullName>
          <Methods>
            <Method visited="false" cyclomaticComplexity="1" sequenceCoverage="0" branchCoverage="0" isConstructor="true" isStatic="false" isGetter="false" isSetter="false">
              <MetadataToken>100663331</MetadataToken>
              <Name>System.Void Madness_In_Space.Current_Power_Consumption_Property::.ctor()</Name>
              <FileRef uid="33" />
              <SequencePoints>
                <SequencePoint vc="0" uspid="132" ordinal="0" offset="0" sl="7" sc="3" el="7" ec="47" />
                <SequencePoint vc="0" uspid="133" ordinal="1" offset="7" sl="8" sc="3" el="8" ec="4" />
                <SequencePoint vc="0" uspid="134" ordinal="2" offset="8" sl="9" sc="3" el="9" ec="4" />
              </SequencePoints>
              <BranchPoints />
              <MethodPoint xsi:type="SequencePoint" vc="0" uspid="132" ordinal="0" offset="0" sl="7" sc="3" el="7" ec="47" />
            </Method>
          </Methods>
        </Class>
        <Class>
          <FullName>Madness_In_Space.Current_Stored_Power_Property</FullName>
          <Methods>
            <Method visited="false" cyclomaticComplexity="1" sequenceCoverage="0" branchCoverage="0" isConstructor="true" isStatic="false" isGetter="false" isSetter="false">
              <MetadataToken>100663332</MetadataToken>
              <Name>System.Void Madness_In_Space.Current_Stored_Power_Property::.ctor()</Name>
              <FileRef uid="34" />
              <SequencePoints>
                <SequencePoint vc="0" uspid="135" ordinal="0" offset="0" sl="7" sc="3" el="7" ec="42" />
                <SequencePoint vc="0" uspid="136" ordinal="1" offset="7" sl="8" sc="3" el="8" ec="4" />
                <SequencePoint vc="0" uspid="137" ordinal="2" offset="8" sl="9" sc="3" el="9" ec="4" />
              </SequencePoints>
              <BranchPoints />
              <MethodPoint xsi:type="SequencePoint" vc="0" uspid="135" ordinal="0" offset="0" sl="7" sc="3" el="7" ec="42" />
            </Method>
          </Methods>
        </Class>
        <Class>
          <FullName>Madness_In_Space.Pressure_Rating_Property</FullName>
          <Methods>
            <Method visited="false" cyclomaticComplexity="1" sequenceCoverage="0" branchCoverage="0" isConstructor="true" isStatic="false" isGetter="false" isSetter="false">
              <MetadataToken>100663333</MetadataToken>
              <Name>System.Void Madness_In_Space.Pressure_Rating_Property::.ctor()</Name>
              <FileRef uid="35" />
              <SequencePoints>
                <SequencePoint vc="0" uspid="138" ordinal="0" offset="0" sl="7" sc="3" el="7" ec="37" />
                <SequencePoint vc="0" uspid="139" ordinal="1" offset="7" sl="8" sc="3" el="8" ec="4" />
                <SequencePoint vc="0" uspid="140" ordinal="2" offset="8" sl="9" sc="3" el="9" ec="4" />
              </SequencePoints>
              <BranchPoints />
              <MethodPoint xsi:type="SequencePoint" vc="0" uspid="138" ordinal="0" offset="0" sl="7" sc="3" el="7" ec="37" />
            </Method>
          </Methods>
        </Class>
        <Class>
          <FullName>Madness_In_Space.Ship_Local_Co_Ordinates_Property</FullName>
          <Methods>
            <Method visited="true" cyclomaticComplexity="1" sequenceCoverage="100" branchCoverage="100" isConstructor="true" isStatic="false" isGetter="false" isSetter="false">
              <MetadataToken>100663334</MetadataToken>
              <Name>System.Void Madness_In_Space.Ship_Local_Co_Ordinates_Property::.ctor(System.String,System.Single,System.Single,System.Single,System.Single,System.Single,System.Single)</Name>
              <FileRef uid="36" />
              <SequencePoints>
                <SequencePoint vc="2" uspid="141" ordinal="0" offset="0" sl="16" sc="3" el="16" ec="116" />
                <SequencePoint vc="2" uspid="142" ordinal="1" offset="7" sl="17" sc="3" el="17" ec="4" />
                <SequencePoint vc="2" uspid="143" ordinal="2" offset="8" sl="18" sc="4" el="18" ec="28" />
                <SequencePoint vc="2" uspid="144" ordinal="3" offset="15" sl="20" sc="4" el="20" ec="16" />
                <SequencePoint vc="2" uspid="145" ordinal="4" offset="22" sl="21" sc="4" el="21" ec="16" />
                <SequencePoint vc="2" uspid="146" ordinal="5" offset="29" sl="22" sc="4" el="22" ec="16" />
                <SequencePoint vc="2" uspid="147" ordinal="6" offset="37" sl="24" sc="4" el="24" ec="19" />
                <SequencePoint vc="2" uspid="148" ordinal="7" offset="45" sl="25" sc="4" el="25" ec="19" />
                <SequencePoint vc="2" uspid="149" ordinal="8" offset="53" sl="26" sc="4" el="26" ec="19" />
                <SequencePoint vc="2" uspid="150" ordinal="9" offset="61" sl="27" sc="3" el="27" ec="4" />
              </SequencePoints>
              <BranchPoints />
              <MethodPoint xsi:type="SequencePoint" vc="2" uspid="141" ordinal="0" offset="0" sl="16" sc="3" el="16" ec="116" />
            </Method>
          </Methods>
        </Class>
        <Class>
          <FullName>Madness_In_Space.Activated_Or_Deactivated_Property</FullName>
          <Methods>
            <Method visited="false" cyclomaticComplexity="1" sequenceCoverage="0" branchCoverage="0" isConstructor="true" isStatic="false" isGetter="false" isSetter="false">
              <MetadataToken>100663335</MetadataToken>
              <Name>System.Void Madness_In_Space.Activated_Or_Deactivated_Property::.ctor()</Name>
              <FileRef uid="37" />
              <SequencePoints>
                <SequencePoint vc="0" uspid="151" ordinal="0" offset="0" sl="7" sc="3" el="7" ec="46" />
                <SequencePoint vc="0" uspid="152" ordinal="1" offset="7" sl="8" sc="3" el="8" ec="4" />
                <SequencePoint vc="0" uspid="153" ordinal="2" offset="8" sl="9" sc="3" el="9" ec="4" />
              </SequencePoints>
              <BranchPoints />
              <MethodPoint xsi:type="SequencePoint" vc="0" uspid="151" ordinal="0" offset="0" sl="7" sc="3" el="7" ec="46" />
            </Method>
          </Methods>
        </Class>
        <Class>
          <FullName>Madness_In_Space.Activation_Power_Consumption_Property</FullName>
          <Methods>
            <Method visited="false" cyclomaticComplexity="1" sequenceCoverage="0" branchCoverage="0" isConstructor="true" isStatic="false" isGetter="false" isSetter="false">
              <MetadataToken>100663336</MetadataToken>
              <Name>System.Void Madness_In_Space.Activation_Power_Consumption_Property::.ctor()</Name>
              <FileRef uid="38" />
              <SequencePoints>
                <SequencePoint vc="0" uspid="154" ordinal="0" offset="0" sl="7" sc="3" el="7" ec="50" />
                <SequencePoint vc="0" uspid="155" ordinal="1" offset="7" sl="8" sc="3" el="8" ec="4" />
                <SequencePoint vc="0" uspid="156" ordinal="2" offset="8" sl="9" sc="3" el="9" ec="4" />
              </SequencePoints>
              <BranchPoints />
              <MethodPoint xsi:type="SequencePoint" vc="0" uspid="154" ordinal="0" offset="0" sl="7" sc="3" el="7" ec="50" />
            </Method>
          </Methods>
        </Class>
        <Class>
          <FullName>Madness_In_Space.Maintain_Activation_Power_Consumption_Property</FullName>
          <Methods>
            <Method visited="false" cyclomaticComplexity="1" sequenceCoverage="0" branchCoverage="0" isConstructor="true" isStatic="false" isGetter="false" isSetter="false">
              <MetadataToken>100663337</MetadataToken>
              <Name>System.Void Madness_In_Space.Maintain_Activation_Power_Consumption_Property::.ctor()</Name>
              <FileRef uid="39" />
              <SequencePoints>
                <SequencePoint vc="0" uspid="157" ordinal="0" offset="0" sl="7" sc="3" el="7" ec="59" />
                <SequencePoint vc="0" uspid="158" ordinal="1" offset="7" sl="8" sc="3" el="8" ec="4" />
                <SequencePoint vc="0" uspid="159" ordinal="2" offset="8" sl="9" sc="3" el="9" ec="4" />
              </SequencePoints>
              <BranchPoints />
              <MethodPoint xsi:type="SequencePoint" vc="0" uspid="157" ordinal="0" offset="0" sl="7" sc="3" el="7" ec="59" />
            </Method>
          </Methods>
        </Class>
        <Class>
          <FullName>Madness_In_Space.Maintain_On_Power_Consumption_Property</FullName>
          <Methods>
            <Method visited="false" cyclomaticComplexity="1" sequenceCoverage="0" branchCoverage="0" isConstructor="true" isStatic="false" isGetter="false" isSetter="false">
              <MetadataToken>100663338</MetadataToken>
              <Name>System.Void Madness_In_Space.Maintain_On_Power_Consumption_Property::.ctor()</Name>
              <FileRef uid="40" />
              <SequencePoints>
                <SequencePoint vc="0" uspid="160" ordinal="0" offset="0" sl="7" sc="3" el="7" ec="51" />
                <SequencePoint vc="0" uspid="161" ordinal="1" offset="7" sl="8" sc="3" el="8" ec="4" />
                <SequencePoint vc="0" uspid="162" ordinal="2" offset="8" sl="9" sc="3" el="9" ec="4" />
              </SequencePoints>
              <BranchPoints />
              <MethodPoint xsi:type="SequencePoint" vc="0" uspid="160" ordinal="0" offset="0" sl="7" sc="3" el="7" ec="51" />
            </Method>
          </Methods>
        </Class>
        <Class>
          <FullName>Madness_In_Space.On_Or_Off_Property</FullName>
          <Methods>
            <Method visited="false" cyclomaticComplexity="1" sequenceCoverage="0" branchCoverage="0" isConstructor="true" isStatic="false" isGetter="false" isSetter="false">
              <MetadataToken>100663339</MetadataToken>
              <Name>System.Void Madness_In_Space.On_Or_Off_Property::.ctor()</Name>
              <FileRef uid="41" />
              <SequencePoints>
                <SequencePoint vc="0" uspid="163" ordinal="0" offset="0" sl="7" sc="3" el="7" ec="31" />
                <SequencePoint vc="0" uspid="164" ordinal="1" offset="7" sl="8" sc="3" el="8" ec="4" />
                <SequencePoint vc="0" uspid="165" ordinal="2" offset="8" sl="9" sc="3" el="9" ec="4" />
              </SequencePoints>
              <BranchPoints />
              <MethodPoint xsi:type="SequencePoint" vc="0" uspid="163" ordinal="0" offset="0" sl="7" sc="3" el="7" ec="31" />
            </Method>
          </Methods>
        </Class>
        <Class>
          <FullName>Madness_In_Space.Power_Capacity_Property</FullName>
          <Methods>
            <Method visited="false" cyclomaticComplexity="1" sequenceCoverage="0" branchCoverage="0" isConstructor="true" isStatic="false" isGetter="false" isSetter="false">
              <MetadataToken>100663340</MetadataToken>
              <Name>System.Void Madness_In_Space.Power_Capacity_Property::.ctor()</Name>
              <FileRef uid="42" />
              <SequencePoints>
                <SequencePoint vc="0" uspid="166" ordinal="0" offset="0" sl="7" sc="3" el="7" ec="36" />
                <SequencePoint vc="0" uspid="167" ordinal="1" offset="7" sl="8" sc="3" el="8" ec="4" />
                <SequencePoint vc="0" uspid="168" ordinal="2" offset="8" sl="9" sc="3" el="9" ec="4" />
              </SequencePoints>
              <BranchPoints />
              <MethodPoint xsi:type="SequencePoint" vc="0" uspid="166" ordinal="0" offset="0" sl="7" sc="3" el="7" ec="36" />
            </Method>
          </Methods>
        </Class>
        <Class>
          <FullName>Madness_In_Space.Room_Local_Co_Ordinates_Property</FullName>
          <Methods>
            <Method visited="true" cyclomaticComplexity="1" sequenceCoverage="100" branchCoverage="100" isConstructor="true" isStatic="false" isGetter="false" isSetter="false">
              <MetadataToken>100663341</MetadataToken>
              <Name>System.Void Madness_In_Space.Room_Local_Co_Ordinates_Property::.ctor(System.String,System.Single,System.Single,System.Single,System.Single,System.Single,System.Single)</Name>
              <FileRef uid="43" />
              <SequencePoints>
                <SequencePoint vc="1" uspid="169" ordinal="0" offset="0" sl="17" sc="3" el="17" ec="117" />
                <SequencePoint vc="1" uspid="170" ordinal="1" offset="7" sl="18" sc="3" el="18" ec="4" />
                <SequencePoint vc="1" uspid="171" ordinal="2" offset="8" sl="19" sc="4" el="19" ec="27" />
                <SequencePoint vc="1" uspid="172" ordinal="3" offset="15" sl="21" sc="4" el="21" ec="16" />
                <SequencePoint vc="1" uspid="173" ordinal="4" offset="22" sl="22" sc="4" el="22" ec="16" />
                <SequencePoint vc="1" uspid="174" ordinal="5" offset="29" sl="23" sc="4" el="23" ec="16" />
                <SequencePoint vc="1" uspid="175" ordinal="6" offset="37" sl="25" sc="4" el="25" ec="19" />
                <SequencePoint vc="1" uspid="176" ordinal="7" offset="45" sl="26" sc="4" el="26" ec="19" />
                <SequencePoint vc="1" uspid="177" ordinal="8" offset="53" sl="27" sc="4" el="27" ec="19" />
                <SequencePoint vc="1" uspid="178" ordinal="9" offset="61" sl="28" sc="3" el="28" ec="4" />
              </SequencePoints>
              <BranchPoints />
              <MethodPoint xsi:type="SequencePoint" vc="1" uspid="169" ordinal="0" offset="0" sl="17" sc="3" el="17" ec="117" />
            </Method>
          </Methods>
        </Class>
        <Class>
          <FullName>Madness_In_Space.Turn_On_Power_Consumption_Property</FullName>
          <Methods>
            <Method visited="false" cyclomaticComplexity="1" sequenceCoverage="0" branchCoverage="0" isConstructor="true" isStatic="false" isGetter="false" isSetter="false">
              <MetadataToken>100663342</MetadataToken>
              <Name>System.Void Madness_In_Space.Turn_On_Power_Consumption_Property::.ctor()</Name>
              <FileRef uid="44" />
              <SequencePoints>
                <SequencePoint vc="0" uspid="179" ordinal="0" offset="0" sl="7" sc="3" el="7" ec="47" />
                <SequencePoint vc="0" uspid="180" ordinal="1" offset="7" sl="8" sc="3" el="8" ec="4" />
                <SequencePoint vc="0" uspid="181" ordinal="2" offset="8" sl="9" sc="3" el="9" ec="4" />
              </SequencePoints>
              <BranchPoints />
              <MethodPoint xsi:type="SequencePoint" vc="0" uspid="179" ordinal="0" offset="0" sl="7" sc="3" el="7" ec="47" />
            </Method>
          </Methods>
        </Class>
        <Class>
          <FullName>Madness_In_Space.MainClass</FullName>
          <Methods>
            <Method visited="false" cyclomaticComplexity="1" sequenceCoverage="0" branchCoverage="0" isConstructor="false" isStatic="true" isGetter="false" isSetter="false">
              <MetadataToken>100663343</MetadataToken>
              <Name>System.Void Madness_In_Space.MainClass::Main(System.String[])</Name>
              <FileRef uid="45" />
              <SequencePoints>
                <SequencePoint vc="0" uspid="182" ordinal="0" offset="0" sl="8" sc="3" el="8" ec="4" />
                <SequencePoint vc="0" uspid="183" ordinal="1" offset="1" sl="9" sc="4" el="9" ec="39" />
                <SequencePoint vc="0" uspid="184" ordinal="2" offset="12" sl="10" sc="4" el="10" ec="24" />
                <SequencePoint vc="0" uspid="185" ordinal="3" offset="18" sl="11" sc="3" el="11" ec="4" />
              </SequencePoints>
              <BranchPoints />
              <MethodPoint xsi:type="SequencePoint" vc="0" uspid="182" ordinal="0" offset="0" sl="8" sc="3" el="8" ec="4" />
            </Method>
            <Method visited="false" cyclomaticComplexity="1" sequenceCoverage="0" branchCoverage="0" isConstructor="true" isStatic="false" isGetter="false" isSetter="false">
              <MetadataToken>100663344</MetadataToken>
              <Name>System.Void Madness_In_Space.MainClass::.ctor()</Name>
              <SequencePoints />
              <BranchPoints />
              <MethodPoint vc="0" uspid="186" ordinal="0" offset="0" />
            </Method>
          </Methods>
        </Class>
        <Class>
          <FullName>Madness_In_Space.PropertiesTests</FullName>
          <Methods>
            <Method visited="true" cyclomaticComplexity="1" sequenceCoverage="100" branchCoverage="100" isConstructor="false" isStatic="false" isGetter="false" isSetter="false">
              <MetadataToken>100663345</MetadataToken>
              <Name>System.Void Madness_In_Space.PropertiesTests::Type_id_should_be_a_keyvaluepair_of_two_strings()</Name>
              <FileRef uid="46" />
              <SequencePoints>
                <SequencePoint vc="1" uspid="187" ordinal="0" offset="0" sl="14" sc="3" el="14" ec="4" />
                <SequencePoint vc="1" uspid="188" ordinal="1" offset="1" sl="15" sc="4" el="15" ec="84" />
                <SequencePoint vc="1" uspid="189" ordinal="2" offset="17" sl="17" sc="4" el="17" ec="57" />
                <SequencePoint vc="1" uspid="190" ordinal="3" offset="39" sl="18" sc="4" el="18" ec="63" />
                <SequencePoint vc="1" uspid="191" ordinal="4" offset="61" sl="19" sc="3" el="19" ec="4" />
              </SequencePoints>
              <BranchPoints />
              <MethodPoint xsi:type="SequencePoint" vc="1" uspid="187" ordinal="0" offset="0" sl="14" sc="3" el="14" ec="4" />
            </Method>
            <Method visited="true" cyclomaticComplexity="1" sequenceCoverage="100" branchCoverage="100" isConstructor="false" isStatic="false" isGetter="false" isSetter="false">
              <MetadataToken>100663346</MetadataToken>
              <Name>System.Void Madness_In_Space.PropertiesTests::universal_coordinates_should_have_pointer_to_collection_owner_and_positions_and_rotations()</Name>
              <FileRef uid="46" />
              <SequencePoints>
                <SequencePoint vc="1" uspid="192" ordinal="0" offset="0" sl="23" sc="3" el="23" ec="4" />
                <SequencePoint vc="1" uspid="193" ordinal="1" offset="1" sl="24" sc="4" el="24" ec="123" />
                <SequencePoint vc="1" uspid="194" ordinal="2" offset="42" sl="26" sc="4" el="26" ec="44" />
                <SequencePoint vc="1" uspid="195" ordinal="3" offset="65" sl="27" sc="4" el="27" ec="44" />
                <SequencePoint vc="1" uspid="196" ordinal="4" offset="88" sl="28" sc="4" el="28" ec="44" />
                <SequencePoint vc="1" uspid="197" ordinal="5" offset="111" sl="29" sc="4" el="29" ec="47" />
                <SequencePoint vc="1" uspid="198" ordinal="6" offset="134" sl="30" sc="4" el="30" ec="47" />
                <SequencePoint vc="1" uspid="199" ordinal="7" offset="157" sl="31" sc="4" el="31" ec="47" />
                <SequencePoint vc="1" uspid="200" ordinal="8" offset="180" sl="32" sc="4" el="32" ec="65" />
                <SequencePoint vc="1" uspid="201" ordinal="9" offset="197" sl="34" sc="3" el="34" ec="4" />
              </SequencePoints>
              <BranchPoints />
              <MethodPoint xsi:type="SequencePoint" vc="1" uspid="192" ordinal="0" offset="0" sl="23" sc="3" el="23" ec="4" />
            </Method>
            <Method visited="true" cyclomaticComplexity="1" sequenceCoverage="100" branchCoverage="100" isConstructor="false" isStatic="false" isGetter="false" isSetter="false">
              <MetadataToken>100663347</MetadataToken>
              <Name>System.Void Madness_In_Space.PropertiesTests::ship_local_coordinates_should_have_pointer_to_collection_owner_and_positions_and_rotations()</Name>
              <FileRef uid="46" />
              <SequencePoints>
                <SequencePoint vc="1" uspid="202" ordinal="0" offset="0" sl="38" sc="3" el="38" ec="4" />
                <SequencePoint vc="1" uspid="203" ordinal="1" offset="1" sl="39" sc="4" el="39" ec="126" />
                <SequencePoint vc="1" uspid="204" ordinal="2" offset="42" sl="40" sc="4" el="40" ec="44" />
                <SequencePoint vc="1" uspid="205" ordinal="3" offset="65" sl="41" sc="4" el="41" ec="44" />
                <SequencePoint vc="1" uspid="206" ordinal="4" offset="88" sl="42" sc="4" el="42" ec="44" />
                <SequencePoint vc="1" uspid="207" ordinal="5" offset="111" sl="43" sc="4" el="43" ec="47" />
                <SequencePoint vc="1" uspid="208" ordinal="6" offset="134" sl="44" sc="4" el="44" ec="47" />
                <SequencePoint vc="1" uspid="209" ordinal="7" offset="157" sl="45" sc="4" el="45" ec="47" />
                <SequencePoint vc="1" uspid="210" ordinal="8" offset="180" sl="46" sc="4" el="46" ec="65" />
                <SequencePoint vc="1" uspid="211" ordinal="9" offset="197" sl="48" sc="3" el="48" ec="4" />
              </SequencePoints>
              <BranchPoints />
              <MethodPoint xsi:type="SequencePoint" vc="1" uspid="202" ordinal="0" offset="0" sl="38" sc="3" el="38" ec="4" />
            </Method>
            <Method visited="true" cyclomaticComplexity="1" sequenceCoverage="100" branchCoverage="100" isConstructor="false" isStatic="false" isGetter="false" isSetter="false">
              <MetadataToken>100663348</MetadataToken>
              <Name>System.Void Madness_In_Space.PropertiesTests::room_local_coordinates_should_have_pointer_to_collection_owner_and_positions_and_rotations()</Name>
              <FileRef uid="46" />
              <SequencePoints>
                <SequencePoint vc="1" uspid="212" ordinal="0" offset="0" sl="52" sc="3" el="52" ec="4" />
                <SequencePoint vc="1" uspid="213" ordinal="1" offset="1" sl="53" sc="4" el="53" ec="126" />
                <SequencePoint vc="1" uspid="214" ordinal="2" offset="42" sl="54" sc="4" el="54" ec="44" />
                <SequencePoint vc="1" uspid="215" ordinal="3" offset="65" sl="55" sc="4" el="55" ec="44" />
                <SequencePoint vc="1" uspid="216" ordinal="4" offset="88" sl="56" sc="4" el="56" ec="44" />
                <SequencePoint vc="1" uspid="217" ordinal="5" offset="111" sl="57" sc="4" el="57" ec="47" />
                <SequencePoint vc="1" uspid="218" ordinal="6" offset="134" sl="58" sc="4" el="58" ec="47" />
                <SequencePoint vc="1" uspid="219" ordinal="7" offset="157" sl="59" sc="4" el="59" ec="47" />
                <SequencePoint vc="1" uspid="220" ordinal="8" offset="180" sl="60" sc="4" el="60" ec="62" />
                <SequencePoint vc="1" uspid="221" ordinal="9" offset="197" sl="61" sc="3" el="61" ec="4" />
              </SequencePoints>
              <BranchPoints />
              <MethodPoint xsi:type="SequencePoint" vc="1" uspid="212" ordinal="0" offset="0" sl="52" sc="3" el="52" ec="4" />
            </Method>
            <Method visited="true" cyclomaticComplexity="1" sequenceCoverage="100" branchCoverage="100" isConstructor="false" isStatic="false" isGetter="false" isSetter="false">
              <MetadataToken>100663349</MetadataToken>
              <Name>System.Void Madness_In_Space.PropertiesTests::a_room_should_be_a_hashtable_collection_of_its_properties()</Name>
              <FileRef uid="46" />
              <SequencePoints>
                <SequencePoint vc="1" uspid="222" ordinal="0" offset="0" sl="65" sc="3" el="65" ec="4" />
                <SequencePoint vc="1" uspid="223" ordinal="1" offset="1" sl="66" sc="4" el="66" ec="187" />
                <SequencePoint vc="1" uspid="224" ordinal="2" offset="70" sl="68" sc="4" el="68" ec="51" />
                <SequencePoint vc="1" uspid="225" ordinal="3" offset="82" sl="69" sc="4" el="69" ec="109" />
                <SequencePoint vc="1" uspid="226" ordinal="4" offset="109" sl="70" sc="4" el="70" ec="133" />
                <SequencePoint vc="1" uspid="227" ordinal="5" offset="136" sl="71" sc="4" el="71" ec="84" />
                <SequencePoint vc="1" uspid="228" ordinal="6" offset="163" sl="73" sc="4" el="73" ec="5" />
              </SequencePoints>
              <BranchPoints />
              <MethodPoint xsi:type="SequencePoint" vc="1" uspid="222" ordinal="0" offset="0" sl="65" sc="3" el="65" ec="4" />
            </Method>
            <Method visited="true" cyclomaticComplexity="1" sequenceCoverage="100" branchCoverage="100" isConstructor="false" isStatic="false" isGetter="false" isSetter="false">
              <MetadataToken>100663350</MetadataToken>
              <Name>System.Void Madness_In_Space.PropertiesTests::bounding_dimensions_should_have_width_length_and_height()</Name>
              <FileRef uid="46" />
              <SequencePoints>
                <SequencePoint vc="1" uspid="229" ordinal="0" offset="0" sl="77" sc="3" el="77" ec="4" />
                <SequencePoint vc="1" uspid="230" ordinal="1" offset="1" sl="78" sc="4" el="78" ec="87" />
                <SequencePoint vc="1" uspid="231" ordinal="2" offset="10" sl="79" sc="4" el="79" ec="37" />
                <SequencePoint vc="1" uspid="232" ordinal="3" offset="23" sl="80" sc="4" el="80" ec="37" />
                <SequencePoint vc="1" uspid="233" ordinal="4" offset="36" sl="81" sc="4" el="81" ec="37" />
                <SequencePoint vc="1" uspid="234" ordinal="5" offset="49" sl="82" sc="3" el="82" ec="4" />
              </SequencePoints>
              <BranchPoints />
              <MethodPoint xsi:type="SequencePoint" vc="1" uspid="229" ordinal="0" offset="0" sl="77" sc="3" el="77" ec="4" />
            </Method>
            <Method visited="true" cyclomaticComplexity="1" sequenceCoverage="100" branchCoverage="100" isConstructor="false" isStatic="false" isGetter="false" isSetter="false">
              <MetadataToken>100663351</MetadataToken>
              <Name>System.Void Madness_In_Space.PropertiesTests::UniqueID_should_increase_by_1_each_time_it_is_called()</Name>
              <FileRef uid="46" />
              <SequencePoints>
                <SequencePoint vc="1" uspid="235" ordinal="0" offset="0" sl="86" sc="3" el="86" ec="4" />
                <SequencePoint vc="1" uspid="236" ordinal="1" offset="1" sl="87" sc="4" el="87" ec="68" />
                <SequencePoint vc="1" uspid="237" ordinal="2" offset="12" sl="88" sc="4" el="88" ec="49" />
                <SequencePoint vc="1" uspid="238" ordinal="3" offset="19" sl="89" sc="4" el="89" ec="49" />
                <SequencePoint vc="1" uspid="239" ordinal="4" offset="26" sl="91" sc="4" el="91" ec="42" />
                <SequencePoint vc="1" uspid="240" ordinal="5" offset="46" sl="92" sc="3" el="92" ec="4" />
              </SequencePoints>
              <BranchPoints />
              <MethodPoint xsi:type="SequencePoint" vc="1" uspid="235" ordinal="0" offset="0" sl="86" sc="3" el="86" ec="4" />
            </Method>
            <Method visited="true" cyclomaticComplexity="1" sequenceCoverage="0" branchCoverage="0" isConstructor="true" isStatic="false" isGetter="false" isSetter="false">
              <MetadataToken>100663352</MetadataToken>
              <Name>System.Void Madness_In_Space.PropertiesTests::.ctor()</Name>
              <SequencePoints />
              <BranchPoints />
              <MethodPoint vc="1" uspid="241" ordinal="0" offset="0" />
            </Method>
          </Methods>
        </Class>
        <Class>
          <FullName>Madness_In_Space.Tests.Room_Factory_Tests</FullName>
          <Methods>
            <Method visited="true" cyclomaticComplexity="1" sequenceCoverage="100" branchCoverage="100" isConstructor="false" isStatic="false" isGetter="false" isSetter="false">
              <MetadataToken>100663353</MetadataToken>
              <Name>System.Void Madness_In_Space.Tests.Room_Factory_Tests::TestMethod()</Name>
              <FileRef uid="47" />
              <SequencePoints>
                <SequencePoint vc="1" uspid="242" ordinal="0" offset="0" sl="12" sc="3" el="12" ec="4" />
                <SequencePoint vc="1" uspid="243" ordinal="1" offset="1" sl="14" sc="3" el="14" ec="4" />
              </SequencePoints>
              <BranchPoints />
              <MethodPoint xsi:type="SequencePoint" vc="1" uspid="242" ordinal="0" offset="0" sl="12" sc="3" el="12" ec="4" />
            </Method>
            <Method visited="true" cyclomaticComplexity="1" sequenceCoverage="0" branchCoverage="0" isConstructor="true" isStatic="false" isGetter="false" isSetter="false">
              <MetadataToken>100663354</MetadataToken>
              <Name>System.Void Madness_In_Space.Tests.Room_Factory_Tests::.ctor()</Name>
              <SequencePoints />
              <BranchPoints />
              <MethodPoint vc="1" uspid="244" ordinal="0" offset="0" />
            </Method>
          </Methods>
        </Class>
        <Class>
          <FullName>Madness_In_Space.Tests.Room_Tests</FullName>
          <Methods>
            <Method visited="true" cyclomaticComplexity="1" sequenceCoverage="100" branchCoverage="100" isConstructor="false" isStatic="false" isGetter="false" isSetter="false">
              <MetadataToken>100663355</MetadataToken>
              <Name>System.Void Madness_In_Space.Tests.Room_Tests::rooms_should_have_a_unique_ID_as_their_key_in_the_Rooms_hashtable_in_a_vessel()</Name>
              <FileRef uid="48" />
              <SequencePoints>
                <SequencePoint vc="1" uspid="245" ordinal="0" offset="0" sl="12" sc="3" el="12" ec="4" />
                <SequencePoint vc="1" uspid="246" ordinal="1" offset="1" sl="13" sc="4" el="13" ec="73" />
                <SequencePoint vc="1" uspid="247" ordinal="2" offset="12" sl="14" sc="4" el="14" ec="71" />
                <SequencePoint vc="1" uspid="248" ordinal="3" offset="24" sl="17" sc="3" el="17" ec="4" />
              </SequencePoints>
              <BranchPoints />
              <MethodPoint xsi:type="SequencePoint" vc="1" uspid="245" ordinal="0" offset="0" sl="12" sc="3" el="12" ec="4" />
            </Method>
            <Method visited="true" cyclomaticComplexity="1" sequenceCoverage="0" branchCoverage="0" isConstructor="true" isStatic="false" isGetter="false" isSetter="false">
              <MetadataToken>100663356</MetadataToken>
              <Name>System.Void Madness_In_Space.Tests.Room_Tests::.ctor()</Name>
              <SequencePoints />
              <BranchPoints />
              <MethodPoint vc="1" uspid="249" ordinal="0" offset="0" />
            </Method>
          </Methods>
        </Class>
        <Class>
          <FullName>Madness_In_Space.Tests.Ship_System_Tests</FullName>
          <Methods>
            <Method visited="true" cyclomaticComplexity="1" sequenceCoverage="100" branchCoverage="100" isConstructor="false" isStatic="false" isGetter="false" isSetter="false">
              <MetadataToken>100663357</MetadataToken>
              <Name>System.Void Madness_In_Space.Tests.Ship_System_Tests::TestMethod()</Name>
              <FileRef uid="49" />
              <SequencePoints>
                <SequencePoint vc="1" uspid="250" ordinal="0" offset="0" sl="12" sc="3" el="12" ec="4" />
                <SequencePoint vc="1" uspid="251" ordinal="1" offset="1" sl="14" sc="3" el="14" ec="4" />
              </SequencePoints>
              <BranchPoints />
              <MethodPoint xsi:type="SequencePoint" vc="1" uspid="250" ordinal="0" offset="0" sl="12" sc="3" el="12" ec="4" />
            </Method>
            <Method visited="true" cyclomaticComplexity="1" sequenceCoverage="0" branchCoverage="0" isConstructor="true" isStatic="false" isGetter="false" isSetter="false">
              <MetadataToken>100663358</MetadataToken>
              <Name>System.Void Madness_In_Space.Tests.Ship_System_Tests::.ctor()</Name>
              <SequencePoints />
              <BranchPoints />
              <MethodPoint vc="1" uspid="252" ordinal="0" offset="0" />
            </Method>
          </Methods>
        </Class>
        <Class>
          <FullName>Madness_In_Space.Vessel_Factory_Tests</FullName>
          <Methods>
            <Method visited="true" cyclomaticComplexity="1" sequenceCoverage="100" branchCoverage="100" isConstructor="false" isStatic="false" isGetter="false" isSetter="false">
              <MetadataToken>100663359</MetadataToken>
              <Name>System.Void Madness_In_Space.Vessel_Factory_Tests::vessel_factory_should_have_a_unique_ID_ticker()</Name>
              <FileRef uid="50" />
              <SequencePoints>
                <SequencePoint vc="1" uspid="253" ordinal="0" offset="0" sl="14" sc="3" el="14" ec="4" />
                <SequencePoint vc="1" uspid="254" ordinal="1" offset="1" sl="15" sc="4" el="15" ec="74" />
                <SequencePoint vc="1" uspid="255" ordinal="2" offset="12" sl="16" sc="4" el="16" ec="60" />
                <SequencePoint vc="1" uspid="256" ordinal="3" offset="24" sl="17" sc="3" el="17" ec="4" />
              </SequencePoints>
              <BranchPoints />
              <MethodPoint xsi:type="SequencePoint" vc="1" uspid="253" ordinal="0" offset="0" sl="14" sc="3" el="14" ec="4" />
            </Method>
            <Method visited="true" cyclomaticComplexity="1" sequenceCoverage="100" branchCoverage="100" isConstructor="false" isStatic="false" isGetter="false" isSetter="false">
              <MetadataToken>100663360</MetadataToken>
              <Name>System.Void Madness_In_Space.Vessel_Factory_Tests::vessel_factory_should_contain_the_name_of_the_ship_being_constructed()</Name>
              <FileRef uid="50" />
              <SequencePoints>
                <SequencePoint vc="1" uspid="257" ordinal="0" offset="0" sl="21" sc="3" el="21" ec="4" />
                <SequencePoint vc="1" uspid="258" ordinal="1" offset="1" sl="22" sc="4" el="22" ec="73" />
                <SequencePoint vc="1" uspid="259" ordinal="2" offset="12" sl="23" sc="4" el="23" ec="65" />
                <SequencePoint vc="1" uspid="260" ordinal="3" offset="29" sl="25" sc="3" el="25" ec="4" />
              </SequencePoints>
              <BranchPoints />
              <MethodPoint xsi:type="SequencePoint" vc="1" uspid="257" ordinal="0" offset="0" sl="21" sc="3" el="21" ec="4" />
            </Method>
            <Method visited="true" cyclomaticComplexity="1" sequenceCoverage="100" branchCoverage="100" isConstructor="false" isStatic="false" isGetter="false" isSetter="false">
              <MetadataToken>100663361</MetadataToken>
              <Name>System.Void Madness_In_Space.Vessel_Factory_Tests::vessel_factory_should_have_a_method_that_outputs_a_vessel()</Name>
              <FileRef uid="50" />
              <SequencePoints>
                <SequencePoint vc="1" uspid="261" ordinal="0" offset="0" sl="29" sc="3" el="29" ec="4" />
                <SequencePoint vc="1" uspid="262" ordinal="1" offset="1" sl="31" sc="4" el="31" ec="73" />
                <SequencePoint vc="1" uspid="263" ordinal="2" offset="12" sl="32" sc="4" el="32" ec="64" />
                <SequencePoint vc="1" uspid="264" ordinal="3" offset="24" sl="35" sc="4" el="35" ec="44" />
                <SequencePoint vc="1" uspid="265" ordinal="4" offset="31" sl="37" sc="3" el="37" ec="4" />
              </SequencePoints>
              <BranchPoints />
              <MethodPoint xsi:type="SequencePoint" vc="1" uspid="261" ordinal="0" offset="0" sl="29" sc="3" el="29" ec="4" />
            </Method>
            <Method visited="true" cyclomaticComplexity="1" sequenceCoverage="0" branchCoverage="0" isConstructor="true" isStatic="false" isGetter="false" isSetter="false">
              <MetadataToken>100663362</MetadataToken>
              <Name>System.Void Madness_In_Space.Vessel_Factory_Tests::.ctor()</Name>
              <SequencePoints />
              <BranchPoints />
              <MethodPoint vc="1" uspid="266" ordinal="0" offset="0" />
            </Method>
          </Methods>
        </Class>
        <Class>
          <FullName>Madness_In_Space.Tests.Vessel_Tests</FullName>
          <Methods>
            <Method visited="true" cyclomaticComplexity="1" sequenceCoverage="100" branchCoverage="100" isConstructor="false" isStatic="false" isGetter="false" isSetter="false">
              <MetadataToken>100663363</MetadataToken>
              <Name>System.Void Madness_In_Space.Tests.Vessel_Tests::vessel_should_have_a_name()</Name>
              <FileRef uid="51" />
              <SequencePoints>
                <SequencePoint vc="1" uspid="267" ordinal="0" offset="0" sl="12" sc="3" el="12" ec="4" />
                <SequencePoint vc="1" uspid="268" ordinal="1" offset="1" sl="13" sc="4" el="13" ec="73" />
                <SequencePoint vc="1" uspid="269" ordinal="2" offset="12" sl="14" sc="4" el="14" ec="71" />
                <SequencePoint vc="1" uspid="270" ordinal="3" offset="24" sl="16" sc="4" el="16" ec="80" />
                <SequencePoint vc="1" uspid="271" ordinal="4" offset="56" sl="17" sc="3" el="17" ec="4" />
              </SequencePoints>
              <BranchPoints />
              <MethodPoint xsi:type="SequencePoint" vc="1" uspid="267" ordinal="0" offset="0" sl="12" sc="3" el="12" ec="4" />
            </Method>
            <Method visited="true" cyclomaticComplexity="1" sequenceCoverage="100" branchCoverage="100" isConstructor="false" isStatic="false" isGetter="false" isSetter="false">
              <MetadataToken>100663364</MetadataToken>
              <Name>System.Void Madness_In_Space.Tests.Vessel_Tests::vessel_should_have_a_type()</Name>
              <FileRef uid="51" />
              <SequencePoints>
                <SequencePoint vc="1" uspid="272" ordinal="0" offset="0" sl="20" sc="3" el="20" ec="4" />
                <SequencePoint vc="1" uspid="273" ordinal="1" offset="1" sl="21" sc="4" el="21" ec="73" />
                <SequencePoint vc="1" uspid="274" ordinal="2" offset="12" sl="22" sc="4" el="22" ec="71" />
                <SequencePoint vc="1" uspid="275" ordinal="3" offset="24" sl="24" sc="4" el="24" ec="97" />
                <SequencePoint vc="1" uspid="276" ordinal="4" offset="51" sl="25" sc="3" el="25" ec="4" />
              </SequencePoints>
              <BranchPoints />
              <MethodPoint xsi:type="SequencePoint" vc="1" uspid="272" ordinal="0" offset="0" sl="20" sc="3" el="20" ec="4" />
            </Method>
            <Method visited="true" cyclomaticComplexity="1" sequenceCoverage="100" branchCoverage="100" isConstructor="false" isStatic="false" isGetter="false" isSetter="false">
              <MetadataToken>100663365</MetadataToken>
              <Name>System.Void Madness_In_Space.Tests.Vessel_Tests::vessel_should_have_rooms()</Name>
              <FileRef uid="51" />
              <SequencePoints>
                <SequencePoint vc="1" uspid="277" ordinal="0" offset="0" sl="28" sc="3" el="28" ec="4" />
                <SequencePoint vc="1" uspid="278" ordinal="1" offset="1" sl="29" sc="4" el="29" ec="73" />
                <SequencePoint vc="1" uspid="279" ordinal="2" offset="12" sl="30" sc="4" el="30" ec="71" />
                <SequencePoint vc="1" uspid="280" ordinal="3" offset="24" sl="32" sc="4" el="32" ec="84" />
                <SequencePoint vc="1" uspid="281" ordinal="4" offset="51" sl="33" sc="3" el="33" ec="4" />
              </SequencePoints>
              <BranchPoints />
              <MethodPoint xsi:type="SequencePoint" vc="1" uspid="277" ordinal="0" offset="0" sl="28" sc="3" el="28" ec="4" />
            </Method>
            <Method visited="true" cyclomaticComplexity="1" sequenceCoverage="0" branchCoverage="0" isConstructor="true" isStatic="false" isGetter="false" isSetter="false">
              <MetadataToken>100663366</MetadataToken>
              <Name>System.Void Madness_In_Space.Tests.Vessel_Tests::.ctor()</Name>
              <SequencePoints />
              <BranchPoints />
              <MethodPoint vc="1" uspid="282" ordinal="0" offset="0" />
            </Method>
          </Methods>
        </Class>
      </Classes>
    </Module>
    <Module skippedDueTo="MissingPdb" hash="13-4C-94-D1-A1-A5-D9-8F-F1-E4-CE-A7-87-EF-CC-42-FC-6B-CA-BC">
      <FullName>C:\Users\bch00232\AppData\Local\Temp\nunit20\ShadowCopyCache\6864_635114732566652095\Tests_1022212\assembly\dl3\eb263f81\00e3451f_92b0cd01\nunit.framework.DLL</FullName>
      <ModuleName>nunit.framework</ModuleName>
      <Classes />
    </Module>
  </Modules>
</CoverageSession>